This is e-upTeX, Version 3.141592653-p3.9.0-u1.27-210218-2.6 (utf8.uptex) (TeX Live 2021) (preloaded format=uplatex 2021.4.22)  30 JAN 2022 16:41
entering extended mode
 restricted \write18 enabled.
 %&-line parsing enabled.
**6.tex
(./6.tex
pLaTeX2e <2020-10-01u04>+2 (based on LaTeX2e <2020-10-01> patch level 4)
L3 programming layer <2021-02-18>
! Undefined control sequence.
l.1 \chapter
            {結論}
The control sequence at the end of the top line
of your error message was never \def'ed. If you have
misspelled it (e.g., `\hobx'), type `I' and the correct
spelling (e.g., `I\hbox'). Otherwise just continue,
and I'll forget about whatever was undefined.


! LaTeX Error: Missing \begin{document}.

See the LaTeX manual or LaTeX Companion for explanation.
Type  H <return>  for immediate help.
 ...                                              
                                                  
l.1 \chapter{結
                論}
You're in trouble here.  Try typing  <return>  to proceed.
If that doesn't work, type  X <return>  to quit.


Overfull \hbox (29.6222pt too wide) in paragraph at lines 1--3
[]\JY2/mc/m/n/10 結
 []


Overfull \hbox (9.6222pt too wide) in paragraph at lines 1--3
\JY2/mc/m/n/10 論[] 
 []

! Undefined control sequence.
l.4 \section
            {本研究の成果}\label{6.1}
The control sequence at the end of the top line
of your error message was never \def'ed. If you have
misspelled it (e.g., `\hobx'), type `I' and the correct
spelling (e.g., `I\hbox'). Otherwise just continue,
and I'll forget about whatever was undefined.


! LaTeX Error: Missing \begin{document}.

See the LaTeX manual or LaTeX Companion for explanation.
Type  H <return>  for immediate help.
 ...                                              
                                                  
l.4 \section{本
                研究の成果}\label{6.1}
You're in trouble here.  Try typing  <return>  to proceed.
If that doesn't work, type  X <return>  to quit.


Overfull \hbox (29.6222pt too wide) in paragraph at lines 4--6
[]\JY2/mc/m/n/10 本
 []


Overfull \hbox (9.6222pt too wide) in paragraph at lines 4--6
\JY2/mc/m/n/10 研
 []


Overfull \hbox (9.6222pt too wide) in paragraph at lines 4--6
\JY2/mc/m/n/10 究
 []


Overfull \hbox (9.6222pt too wide) in paragraph at lines 4--6
\JY2/mc/m/n/10 の
 []


Overfull \hbox (9.6222pt too wide) in paragraph at lines 4--6
\JY2/mc/m/n/10 成
 []


Overfull \hbox (9.6222pt too wide) in paragraph at lines 4--6
\JY2/mc/m/n/10 果[]
 []


Overfull \hbox (9.6222pt too wide) in paragraph at lines 4--6
\JY2/mc/m/n/10 本
 []


Overfull \hbox (9.6222pt too wide) in paragraph at lines 4--6
\JY2/mc/m/n/10 研
 []


Overfull \hbox (9.6222pt too wide) in paragraph at lines 4--6
\JY2/mc/m/n/10 究
 []


Overfull \hbox (9.6222pt too wide) in paragraph at lines 4--6
\JY2/mc/m/n/10 で
 []


Overfull \hbox (13.93329pt too wide) in paragraph at lines 4--6
\JY2/mc/m/n/10 は ，
 []


Overfull \hbox (9.6222pt too wide) in paragraph at lines 4--6
\JY2/mc/m/n/10 真
 []


Overfull \hbox (9.6222pt too wide) in paragraph at lines 4--6
\JY2/mc/m/n/10 の
 []


Overfull \hbox (9.6222pt too wide) in paragraph at lines 4--6
\JY2/mc/m/n/10 パ
 []


Overfull \hbox (9.6222pt too wide) in paragraph at lines 4--6
\JY2/mc/m/n/10 ラ
 []


Overfull \hbox (18.74438pt too wide) in paragraph at lines 4--6
\JY2/mc/m/n/10 メ ー
 []


Overfull \hbox (9.6222pt too wide) in paragraph at lines 4--6
\JY2/mc/m/n/10 タ
 []


Overfull \hbox (9.6222pt too wide) in paragraph at lines 4--6
\JY2/mc/m/n/10 値
 []


Overfull \hbox (9.6222pt too wide) in paragraph at lines 4--6
\JY2/mc/m/n/10 が
 []


Overfull \hbox (9.6222pt too wide) in paragraph at lines 4--6
\JY2/mc/m/n/10 毎
 []


Overfull \hbox (9.6222pt too wide) in paragraph at lines 4--6
\JY2/mc/m/n/10 時
 []


Overfull \hbox (9.6222pt too wide) in paragraph at lines 4--6
\JY2/mc/m/n/10 変
 []


Overfull \hbox (9.6222pt too wide) in paragraph at lines 4--6
\JY2/mc/m/n/10 化
 []


Overfull \hbox (9.6222pt too wide) in paragraph at lines 4--6
\JY2/mc/m/n/10 す
 []


Overfull \hbox (9.6222pt too wide) in paragraph at lines 4--6
\JY2/mc/m/n/10 る
 []


Overfull \hbox (9.6222pt too wide) in paragraph at lines 4--6
\JY2/mc/m/n/10 大
 []


Overfull \hbox (9.6222pt too wide) in paragraph at lines 4--6
\JY2/mc/m/n/10 規
 []


Overfull \hbox (9.6222pt too wide) in paragraph at lines 4--6
\JY2/mc/m/n/10 模
 []


Overfull \hbox (9.6222pt too wide) in paragraph at lines 4--6
\JY2/mc/m/n/10 交
 []


Overfull \hbox (9.6222pt too wide) in paragraph at lines 4--6
\JY2/mc/m/n/10 通
 []


Overfull \hbox (9.6222pt too wide) in paragraph at lines 4--6
\JY2/mc/m/n/10 シ
 []


Overfull \hbox (9.6222pt too wide) in paragraph at lines 4--6
\JY2/mc/m/n/10 ミ
 []


Overfull \hbox (9.6222pt too wide) in paragraph at lines 4--6
\JY2/mc/m/n/10 ュ
 []


Overfull \hbox (18.74438pt too wide) in paragraph at lines 4--6
\JY2/mc/m/n/10 レ ー
 []


Overfull \hbox (9.6222pt too wide) in paragraph at lines 4--6
\JY2/mc/m/n/10 タ
 []


Overfull \hbox (9.6222pt too wide) in paragraph at lines 4--6
\JY2/mc/m/n/10 の
 []


Overfull \hbox (9.6222pt too wide) in paragraph at lines 4--6
\JY2/mc/m/n/10 パ
 []


Overfull \hbox (9.6222pt too wide) in paragraph at lines 4--6
\JY2/mc/m/n/10 ラ
 []


Overfull \hbox (18.74438pt too wide) in paragraph at lines 4--6
\JY2/mc/m/n/10 メ ー
 []


Overfull \hbox (9.6222pt too wide) in paragraph at lines 4--6
\JY2/mc/m/n/10 タ
 []


Overfull \hbox (9.6222pt too wide) in paragraph at lines 4--6
\JY2/mc/m/n/10 推
 []


Overfull \hbox (9.6222pt too wide) in paragraph at lines 4--6
\JY2/mc/m/n/10 定
 []


Overfull \hbox (9.6222pt too wide) in paragraph at lines 4--6
\JY2/mc/m/n/10 ア
 []


Overfull \hbox (9.6222pt too wide) in paragraph at lines 4--6
\JY2/mc/m/n/10 ル
 []


Overfull \hbox (9.6222pt too wide) in paragraph at lines 4--6
\JY2/mc/m/n/10 ゴ
 []


Overfull \hbox (9.6222pt too wide) in paragraph at lines 4--6
\JY2/mc/m/n/10 リ
 []


Overfull \hbox (9.6222pt too wide) in paragraph at lines 4--6
\JY2/mc/m/n/10 ズ
 []


Overfull \hbox (9.6222pt too wide) in paragraph at lines 4--6
\JY2/mc/m/n/10 ム
 []


Overfull \hbox (9.6222pt too wide) in paragraph at lines 4--6
\JY2/mc/m/n/10 を
 []


Overfull \hbox (9.6222pt too wide) in paragraph at lines 4--6
\JY2/mc/m/n/10 提
 []


Overfull \hbox (9.6222pt too wide) in paragraph at lines 4--6
\JY2/mc/m/n/10 案
 []


Overfull \hbox (9.6222pt too wide) in paragraph at lines 4--6
\JY2/mc/m/n/10 し
 []


Overfull \hbox (13.93329pt too wide) in paragraph at lines 4--6
\JY2/mc/m/n/10 た ．
 []


Overfull \hbox (9.6222pt too wide) in paragraph at lines 4--6
\JY2/mc/m/n/10 シ
 []


Overfull \hbox (9.6222pt too wide) in paragraph at lines 4--6
\JY2/mc/m/n/10 ミ
 []


Overfull \hbox (9.6222pt too wide) in paragraph at lines 4--6
\JY2/mc/m/n/10 ュ
 []


Overfull \hbox (18.74438pt too wide) in paragraph at lines 4--6
\JY2/mc/m/n/10 レ ー
 []


Overfull \hbox (9.6222pt too wide) in paragraph at lines 4--6
\JY2/mc/m/n/10 タ
 []


Overfull \hbox (9.6222pt too wide) in paragraph at lines 4--6
\JY2/mc/m/n/10 実
 []


Overfull \hbox (9.6222pt too wide) in paragraph at lines 4--6
\JY2/mc/m/n/10 行
 []


Overfull \hbox (9.6222pt too wide) in paragraph at lines 4--6
\JY2/mc/m/n/10 時
 []


Overfull \hbox (9.6222pt too wide) in paragraph at lines 4--6
\JY2/mc/m/n/10 間
 []


Overfull \hbox (9.6222pt too wide) in paragraph at lines 4--6
\JY2/mc/m/n/10 が
 []


Overfull \hbox (9.6222pt too wide) in paragraph at lines 4--6
\JY2/mc/m/n/10 大
 []


Overfull \hbox (9.6222pt too wide) in paragraph at lines 4--6
\JY2/mc/m/n/10 き
 []


Overfull \hbox (9.6222pt too wide) in paragraph at lines 4--6
\JY2/mc/m/n/10 い
 []


Overfull \hbox (9.6222pt too wide) in paragraph at lines 4--6
\JY2/mc/m/n/10 場
 []


Overfull \hbox (9.6222pt too wide) in paragraph at lines 4--6
\JY2/mc/m/n/10 合
 []


Overfull \hbox (9.6222pt too wide) in paragraph at lines 4--6
\JY2/mc/m/n/10 に
 []


Overfull \hbox (9.6222pt too wide) in paragraph at lines 4--6
\JY2/mc/m/n/10 適
 []


Overfull \hbox (9.6222pt too wide) in paragraph at lines 4--6
\JY2/mc/m/n/10 用
 []


Overfull \hbox (9.6222pt too wide) in paragraph at lines 4--6
\JY2/mc/m/n/10 さ
 []


Overfull \hbox (9.6222pt too wide) in paragraph at lines 4--6
\JY2/mc/m/n/10 れ
 []


Overfull \hbox (9.6222pt too wide) in paragraph at lines 4--6
\JY2/mc/m/n/10 る
 []


Overfull \hbox (9.6222pt too wide) in paragraph at lines 4--6
\JY2/mc/m/n/10 最
 []


Overfull \hbox (9.6222pt too wide) in paragraph at lines 4--6
\JY2/mc/m/n/10 適
 []


Overfull \hbox (9.6222pt too wide) in paragraph at lines 4--6
\JY2/mc/m/n/10 化
 []


Overfull \hbox (9.6222pt too wide) in paragraph at lines 4--6
\JY2/mc/m/n/10 手
 []


Overfull \hbox (9.6222pt too wide) in paragraph at lines 4--6
\JY2/mc/m/n/10 法
 []


Overfull \hbox (9.6222pt too wide) in paragraph at lines 4--6
\JY2/mc/m/n/10 で
 []


Overfull \hbox (9.6222pt too wide) in paragraph at lines 4--6
\JY2/mc/m/n/10 あ
 []


Overfull \hbox (9.6222pt too wide) in paragraph at lines 4--6
\JY2/mc/m/n/10 る
 []


Overfull \hbox (45.6112pt too wide) in paragraph at lines 4--6
\OT1/cmr/m/n/10 Surrogate-
 []


Overfull \hbox (24.50005pt too wide) in paragraph at lines 4--6
\OT1/cmr/m/n/10 based
 []


Overfull \hbox (16.6667pt too wide) in paragraph at lines 4--6
\OT1/cmr/m/n/10 Op-
 []


Overfull \hbox (10.00002pt too wide) in paragraph at lines 4--6
\OT1/cmr/m/n/10 ti-
 []


Overfull \hbox (23.88893pt too wide) in paragraph at lines 4--6
\OT1/cmr/m/n/10 miza-
 []


Overfull \hbox (17.22227pt too wide) in paragraph at lines 4--6
\OT1/cmr/m/n/10 tion
 []


Overfull \hbox (9.6222pt too wide) in paragraph at lines 4--6
\JY2/mc/m/n/10 を
 []


Overfull \hbox (9.6222pt too wide) in paragraph at lines 4--6
\JY2/mc/m/n/10 元
 []


Overfull \hbox (13.93329pt too wide) in paragraph at lines 4--6
\JY2/mc/m/n/10 に ，
 []


Overfull \hbox (9.6222pt too wide) in paragraph at lines 4--6
\JY2/mc/m/n/10 対
 []


Overfull \hbox (9.6222pt too wide) in paragraph at lines 4--6
\JY2/mc/m/n/10 象
 []


Overfull \hbox (9.6222pt too wide) in paragraph at lines 4--6
\JY2/mc/m/n/10 問
 []


Overfull \hbox (9.6222pt too wide) in paragraph at lines 4--6
\JY2/mc/m/n/10 題
 []


Overfull \hbox (9.6222pt too wide) in paragraph at lines 4--6
\JY2/mc/m/n/10 の
 []


Overfull \hbox (9.6222pt too wide) in paragraph at lines 4--6
\JY2/mc/m/n/10 課
 []


Overfull \hbox (9.6222pt too wide) in paragraph at lines 4--6
\JY2/mc/m/n/10 題
 []


Overfull \hbox (9.6222pt too wide) in paragraph at lines 4--6
\JY2/mc/m/n/10 を
 []


Overfull \hbox (9.6222pt too wide) in paragraph at lines 4--6
\JY2/mc/m/n/10 解
 []


Overfull \hbox (9.6222pt too wide) in paragraph at lines 4--6
\JY2/mc/m/n/10 決
 []


Overfull \hbox (9.6222pt too wide) in paragraph at lines 4--6
\JY2/mc/m/n/10 す
 []


Overfull \hbox (9.6222pt too wide) in paragraph at lines 4--6
\JY2/mc/m/n/10 る
 []


Overfull \hbox (9.6222pt too wide) in paragraph at lines 4--6
\JY2/mc/m/n/10 よ
 []


Overfull \hbox (9.6222pt too wide) in paragraph at lines 4--6
\JY2/mc/m/n/10 う
 []


Overfull \hbox (9.6222pt too wide) in paragraph at lines 4--6
\JY2/mc/m/n/10 な
 []


Overfull \hbox (9.6222pt too wide) in paragraph at lines 4--6
\JY2/mc/m/n/10 手
 []


Overfull \hbox (9.6222pt too wide) in paragraph at lines 4--6
\JY2/mc/m/n/10 法
 []


Overfull \hbox (9.6222pt too wide) in paragraph at lines 4--6
\JY2/mc/m/n/10 の
 []


Overfull \hbox (9.6222pt too wide) in paragraph at lines 4--6
\JY2/mc/m/n/10 拡
 []


Overfull \hbox (9.6222pt too wide) in paragraph at lines 4--6
\JY2/mc/m/n/10 張
 []


Overfull \hbox (9.6222pt too wide) in paragraph at lines 4--6
\JY2/mc/m/n/10 を
 []


Overfull \hbox (9.6222pt too wide) in paragraph at lines 4--6
\JY2/mc/m/n/10 実
 []


Overfull \hbox (9.6222pt too wide) in paragraph at lines 4--6
\JY2/mc/m/n/10 装
 []


Overfull \hbox (9.6222pt too wide) in paragraph at lines 4--6
\JY2/mc/m/n/10 し
 []


Overfull \hbox (13.93329pt too wide) in paragraph at lines 4--6
\JY2/mc/m/n/10 た ．
 []


Overfull \hbox (9.6222pt too wide) in paragraph at lines 4--6
\JY2/mc/m/n/10 従
 []


Overfull \hbox (9.6222pt too wide) in paragraph at lines 4--6
\JY2/mc/m/n/10 来
 []


Overfull \hbox (9.6222pt too wide) in paragraph at lines 4--6
\JY2/mc/m/n/10 の
 []


Overfull \hbox (45.6112pt too wide) in paragraph at lines 4--6
\OT1/cmr/m/n/10 Surrogate-
 []


Overfull \hbox (24.50005pt too wide) in paragraph at lines 4--6
\OT1/cmr/m/n/10 based
 []


Overfull \hbox (16.6667pt too wide) in paragraph at lines 4--6
\OT1/cmr/m/n/10 Op-
 []


Overfull \hbox (10.00002pt too wide) in paragraph at lines 4--6
\OT1/cmr/m/n/10 ti-
 []


Overfull \hbox (23.88893pt too wide) in paragraph at lines 4--6
\OT1/cmr/m/n/10 miza-
 []


Overfull \hbox (17.22227pt too wide) in paragraph at lines 4--6
\OT1/cmr/m/n/10 tion
 []


Overfull \hbox (9.6222pt too wide) in paragraph at lines 4--6
\JY2/mc/m/n/10 と
 []


Overfull \hbox (9.6222pt too wide) in paragraph at lines 4--6
\JY2/mc/m/n/10 比
 []


Overfull \hbox (9.6222pt too wide) in paragraph at lines 4--6
\JY2/mc/m/n/10 べ
 []


Overfull \hbox (9.6222pt too wide) in paragraph at lines 4--6
\JY2/mc/m/n/10 て
 []


Overfull \hbox (9.6222pt too wide) in paragraph at lines 4--6
\JY2/mc/m/n/10 提
 []


Overfull \hbox (9.6222pt too wide) in paragraph at lines 4--6
\JY2/mc/m/n/10 案
 []


Overfull \hbox (9.6222pt too wide) in paragraph at lines 4--6
\JY2/mc/m/n/10 ア
 []


Overfull \hbox (9.6222pt too wide) in paragraph at lines 4--6
\JY2/mc/m/n/10 ル
 []


Overfull \hbox (9.6222pt too wide) in paragraph at lines 4--6
\JY2/mc/m/n/10 ゴ
 []


Overfull \hbox (9.6222pt too wide) in paragraph at lines 4--6
\JY2/mc/m/n/10 リ
 []


Overfull \hbox (9.6222pt too wide) in paragraph at lines 4--6
\JY2/mc/m/n/10 ズ
 []


Overfull \hbox (9.6222pt too wide) in paragraph at lines 4--6
\JY2/mc/m/n/10 ム
 []


Overfull \hbox (9.6222pt too wide) in paragraph at lines 4--6
\JY2/mc/m/n/10 で
 []


Overfull \hbox (9.6222pt too wide) in paragraph at lines 4--6
\JY2/mc/m/n/10 新
 []


Overfull \hbox (9.6222pt too wide) in paragraph at lines 4--6
\JY2/mc/m/n/10 た
 []


Overfull \hbox (9.6222pt too wide) in paragraph at lines 4--6
\JY2/mc/m/n/10 に
 []


Overfull \hbox (9.6222pt too wide) in paragraph at lines 4--6
\JY2/mc/m/n/10 導
 []


Overfull \hbox (9.6222pt too wide) in paragraph at lines 4--6
\JY2/mc/m/n/10 入
 []


Overfull \hbox (9.6222pt too wide) in paragraph at lines 4--6
\JY2/mc/m/n/10 し
 []


Overfull \hbox (9.6222pt too wide) in paragraph at lines 4--6
\JY2/mc/m/n/10 た
 []


Overfull \hbox (9.6222pt too wide) in paragraph at lines 4--6
\JY2/mc/m/n/10 拡
 []


Overfull \hbox (9.6222pt too wide) in paragraph at lines 4--6
\JY2/mc/m/n/10 張
 []


Overfull \hbox (13.93329pt too wide) in paragraph at lines 4--6
\JY2/mc/m/n/10 と ，
 []


Overfull \hbox (9.6222pt too wide) in paragraph at lines 4--6
\JY2/mc/m/n/10 そ
 []


Overfull \hbox (9.6222pt too wide) in paragraph at lines 4--6
\JY2/mc/m/n/10 の
 []


Overfull \hbox (9.6222pt too wide) in paragraph at lines 4--6
\JY2/mc/m/n/10 効
 []


Overfull \hbox (9.6222pt too wide) in paragraph at lines 4--6
\JY2/mc/m/n/10 果
 []


Overfull \hbox (9.6222pt too wide) in paragraph at lines 4--6
\JY2/mc/m/n/10 は
 []


Overfull \hbox (9.6222pt too wide) in paragraph at lines 4--6
\JY2/mc/m/n/10 以
 []


Overfull \hbox (9.6222pt too wide) in paragraph at lines 4--6
\JY2/mc/m/n/10 下
 []


Overfull \hbox (9.6222pt too wide) in paragraph at lines 4--6
\JY2/mc/m/n/10 の
 []


Overfull \hbox (9.6222pt too wide) in paragraph at lines 4--6
\JY2/mc/m/n/10 通
 []


Overfull \hbox (9.6222pt too wide) in paragraph at lines 4--6
\JY2/mc/m/n/10 り
 []


Overfull \hbox (9.6222pt too wide) in paragraph at lines 4--6
\JY2/mc/m/n/10 で
 []


Overfull \hbox (9.6222pt too wide) in paragraph at lines 4--6
\JY2/mc/m/n/10 あ
 []


Overfull \hbox (13.93329pt too wide) in paragraph at lines 4--6
\JY2/mc/m/n/10 る ． 
 []

LaTeX Font Info:    Font shape `JT2/mc/m/n' will be
(Font)              scaled to size 9.6222pt on input line 6.
LaTeX Font Info:    Font shape `JY2/mc/m/n' will be
(Font)              scaled to size 9.6222pt on input line 6.

! LaTeX Error: The font size command \normalsize is not defined:
               there is probably something wrong with the class file.

See the LaTeX manual or LaTeX Companion for explanation.
Type  H <return>  for immediate help.
 ...                                              
                                                  
l.6 
    
Your command was ignored.
Type  I <command> <return>  to replace it with another command,
or  <return>  to continue without it.

[1
! Undefined control sequence.
<write> \newlabel{6}{{}{\thepage 
                                 }}
l.6 
    
The control sequence at the end of the top line
of your error message was never \def'ed. If you have
misspelled it (e.g., `\hobx'), type `I' and the correct
spelling (e.g., `I\hbox'). Otherwise just continue,
and I'll forget about whatever was undefined.

\newlabel{6}{{}{}}
! Undefined control sequence.
<write> \newlabel{6.1}{{}{\thepage 
                                   }}
l.6 
    
The control sequence at the end of the top line
of your error message was never \def'ed. If you have
misspelled it (e.g., `\hobx'), type `I' and the correct
spelling (e.g., `I\hbox'). Otherwise just continue,
and I'll forget about whatever was undefined.

\newlabel{6.1}{{}{}}
]

! LaTeX Error: Environment description undefined.

See the LaTeX manual or LaTeX Companion for explanation.
Type  H <return>  for immediate help.
 ...                                              
                                                  
l.7 \begin{description}
                       
Your command was ignored.
Type  I <command> <return>  to replace it with another command,
or  <return>  to continue without it.


! LaTeX Error: Lonely \item--perhaps a missing list environment.

See the LaTeX manual or LaTeX Companion for explanation.
Type  H <return>  for immediate help.
 ...                                              
                                                  
l.8 ^^I\item[拡張1]
                      損失関数でなく損失関数微分値を機械学...

Try typing  <return>  to proceed.
If that doesn't work, type  X <return>  to quit.


Overfull \hbox (9.6222pt too wide) in paragraph at lines 8--9
\JY2/mc/m/n/10 損
 []


Overfull \hbox (9.6222pt too wide) in paragraph at lines 8--9
\JY2/mc/m/n/10 失
 []


Overfull \hbox (9.6222pt too wide) in paragraph at lines 8--9
\JY2/mc/m/n/10 関
 []


Overfull \hbox (9.6222pt too wide) in paragraph at lines 8--9
\JY2/mc/m/n/10 数
 []


Overfull \hbox (9.6222pt too wide) in paragraph at lines 8--9
\JY2/mc/m/n/10 で
 []


Overfull \hbox (9.6222pt too wide) in paragraph at lines 8--9
\JY2/mc/m/n/10 な
 []


Overfull \hbox (9.6222pt too wide) in paragraph at lines 8--9
\JY2/mc/m/n/10 く
 []


Overfull \hbox (9.6222pt too wide) in paragraph at lines 8--9
\JY2/mc/m/n/10 損
 []


Overfull \hbox (9.6222pt too wide) in paragraph at lines 8--9
\JY2/mc/m/n/10 失
 []


Overfull \hbox (9.6222pt too wide) in paragraph at lines 8--9
\JY2/mc/m/n/10 関
 []


Overfull \hbox (9.6222pt too wide) in paragraph at lines 8--9
\JY2/mc/m/n/10 数
 []


Overfull \hbox (9.6222pt too wide) in paragraph at lines 8--9
\JY2/mc/m/n/10 微
 []


Overfull \hbox (9.6222pt too wide) in paragraph at lines 8--9
\JY2/mc/m/n/10 分
 []


Overfull \hbox (9.6222pt too wide) in paragraph at lines 8--9
\JY2/mc/m/n/10 値
 []


Overfull \hbox (9.6222pt too wide) in paragraph at lines 8--9
\JY2/mc/m/n/10 を
 []


Overfull \hbox (9.6222pt too wide) in paragraph at lines 8--9
\JY2/mc/m/n/10 機
 []


Overfull \hbox (9.6222pt too wide) in paragraph at lines 8--9
\JY2/mc/m/n/10 械
 []


Overfull \hbox (9.6222pt too wide) in paragraph at lines 8--9
\JY2/mc/m/n/10 学
 []


Overfull \hbox (9.6222pt too wide) in paragraph at lines 8--9
\JY2/mc/m/n/10 習
 []


Overfull \hbox (9.6222pt too wide) in paragraph at lines 8--9
\JY2/mc/m/n/10 モ
 []


Overfull \hbox (9.6222pt too wide) in paragraph at lines 8--9
\JY2/mc/m/n/10 デ
 []


Overfull \hbox (9.6222pt too wide) in paragraph at lines 8--9
\JY2/mc/m/n/10 ル
 []


Overfull \hbox (9.6222pt too wide) in paragraph at lines 8--9
\JY2/mc/m/n/10 で
 []


Overfull \hbox (9.6222pt too wide) in paragraph at lines 8--9
\JY2/mc/m/n/10 学
 []


Overfull \hbox (9.6222pt too wide) in paragraph at lines 8--9
\JY2/mc/m/n/10 習
 []


Overfull \hbox (13.93329pt too wide) in paragraph at lines 8--9
\JY2/mc/m/n/10 し ，
 []


Overfull \hbox (9.6222pt too wide) in paragraph at lines 8--9
\JY2/mc/m/n/10 勾
 []


Overfull \hbox (9.6222pt too wide) in paragraph at lines 8--9
\JY2/mc/m/n/10 配
 []


Overfull \hbox (9.6222pt too wide) in paragraph at lines 8--9
\JY2/mc/m/n/10 降
 []


Overfull \hbox (9.6222pt too wide) in paragraph at lines 8--9
\JY2/mc/m/n/10 下
 []


Overfull \hbox (9.6222pt too wide) in paragraph at lines 8--9
\JY2/mc/m/n/10 法
 []


Overfull \hbox (9.6222pt too wide) in paragraph at lines 8--9
\JY2/mc/m/n/10 を
 []


Overfull \hbox (9.6222pt too wide) in paragraph at lines 8--9
\JY2/mc/m/n/10 採
 []


Overfull \hbox (9.6222pt too wide) in paragraph at lines 8--9
\JY2/mc/m/n/10 用 
 []


! LaTeX Error: Lonely \item--perhaps a missing list environment.

See the LaTeX manual or LaTeX Companion for explanation.
Type  H <return>  for immediate help.
 ...                                              
                                                  
l.9 ^^I\item[拡張2]
                      オンライン学習により機械学習モデルを...

Try typing  <return>  to proceed.
If that doesn't work, type  X <return>  to quit.


Overfull \hbox (9.6222pt too wide) in paragraph at lines 9--10
\JY2/mc/m/n/10 オ
 []


Overfull \hbox (9.6222pt too wide) in paragraph at lines 9--10
\JY2/mc/m/n/10 ン
 []


Overfull \hbox (9.6222pt too wide) in paragraph at lines 9--10
\JY2/mc/m/n/10 ラ
 []


Overfull \hbox (9.6222pt too wide) in paragraph at lines 9--10
\JY2/mc/m/n/10 イ
 []


Overfull \hbox (9.6222pt too wide) in paragraph at lines 9--10
\JY2/mc/m/n/10 ン
 []


Overfull \hbox (9.6222pt too wide) in paragraph at lines 9--10
\JY2/mc/m/n/10 学
 []


Overfull \hbox (9.6222pt too wide) in paragraph at lines 9--10
\JY2/mc/m/n/10 習
 []


Overfull \hbox (9.6222pt too wide) in paragraph at lines 9--10
\JY2/mc/m/n/10 に
 []


Overfull \hbox (9.6222pt too wide) in paragraph at lines 9--10
\JY2/mc/m/n/10 よ
 []


Overfull \hbox (9.6222pt too wide) in paragraph at lines 9--10
\JY2/mc/m/n/10 り
 []


Overfull \hbox (9.6222pt too wide) in paragraph at lines 9--10
\JY2/mc/m/n/10 機
 []


Overfull \hbox (9.6222pt too wide) in paragraph at lines 9--10
\JY2/mc/m/n/10 械
 []


Overfull \hbox (9.6222pt too wide) in paragraph at lines 9--10
\JY2/mc/m/n/10 学
 []


Overfull \hbox (9.6222pt too wide) in paragraph at lines 9--10
\JY2/mc/m/n/10 習
 []


Overfull \hbox (9.6222pt too wide) in paragraph at lines 9--10
\JY2/mc/m/n/10 モ
 []


Overfull \hbox (9.6222pt too wide) in paragraph at lines 9--10
\JY2/mc/m/n/10 デ
 []


Overfull \hbox (9.6222pt too wide) in paragraph at lines 9--10
\JY2/mc/m/n/10 ル
 []


Overfull \hbox (9.6222pt too wide) in paragraph at lines 9--10
\JY2/mc/m/n/10 を
 []


Overfull \hbox (9.6222pt too wide) in paragraph at lines 9--10
\JY2/mc/m/n/10 更
 []


Overfull \hbox (9.6222pt too wide) in paragraph at lines 9--10
\JY2/mc/m/n/10 新 
 []


! LaTeX Error: Lonely \item--perhaps a missing list environment.

See the LaTeX manual or LaTeX Companion for explanation.
Type  H <return>  for immediate help.
 ...                                              
                                                  
l.10 ^^I\item[拡張3]
                       学習範囲の制限により，リサンプリン...
Try typing  <return>  to proceed.
If that doesn't work, type  X <return>  to quit.


! LaTeX Error: \begin{document} ended by \end{description}.

See the LaTeX manual or LaTeX Companion for explanation.
Type  H <return>  for immediate help.
 ...                                              
                                                  
l.11 \end{description}
                      
Your command was ignored.
Type  I <command> <return>  to replace it with another command,
or  <return>  to continue without it.


Overfull \hbox (9.6222pt too wide) in paragraph at lines 10--12
\JY2/mc/m/n/10 学
 []


Overfull \hbox (9.6222pt too wide) in paragraph at lines 10--12
\JY2/mc/m/n/10 習
 []


Overfull \hbox (9.6222pt too wide) in paragraph at lines 10--12
\JY2/mc/m/n/10 範
 []


Overfull \hbox (9.6222pt too wide) in paragraph at lines 10--12
\JY2/mc/m/n/10 囲
 []


Overfull \hbox (9.6222pt too wide) in paragraph at lines 10--12
\JY2/mc/m/n/10 の
 []


Overfull \hbox (9.6222pt too wide) in paragraph at lines 10--12
\JY2/mc/m/n/10 制
 []


Overfull \hbox (9.6222pt too wide) in paragraph at lines 10--12
\JY2/mc/m/n/10 限
 []


Overfull \hbox (9.6222pt too wide) in paragraph at lines 10--12
\JY2/mc/m/n/10 に
 []


Overfull \hbox (9.6222pt too wide) in paragraph at lines 10--12
\JY2/mc/m/n/10 よ
 []


Overfull \hbox (13.93329pt too wide) in paragraph at lines 10--12
\JY2/mc/m/n/10 り ，
 []


Overfull \hbox (9.6222pt too wide) in paragraph at lines 10--12
\JY2/mc/m/n/10 リ
 []


Overfull \hbox (9.6222pt too wide) in paragraph at lines 10--12
\JY2/mc/m/n/10 サ
 []


Overfull \hbox (9.6222pt too wide) in paragraph at lines 10--12
\JY2/mc/m/n/10 ン
 []


Overfull \hbox (9.6222pt too wide) in paragraph at lines 10--12
\JY2/mc/m/n/10 プ
 []


Overfull \hbox (9.6222pt too wide) in paragraph at lines 10--12
\JY2/mc/m/n/10 リ
 []


Overfull \hbox (9.6222pt too wide) in paragraph at lines 10--12
\JY2/mc/m/n/10 ン
 []


Overfull \hbox (9.6222pt too wide) in paragraph at lines 10--12
\JY2/mc/m/n/10 グ
 []


Overfull \hbox (9.6222pt too wide) in paragraph at lines 10--12
\JY2/mc/m/n/10 を
 []


Overfull \hbox (9.6222pt too wide) in paragraph at lines 10--12
\JY2/mc/m/n/10 行
 []


Overfull \hbox (9.6222pt too wide) in paragraph at lines 10--12
\JY2/mc/m/n/10 わ
 []


Overfull \hbox (9.6222pt too wide) in paragraph at lines 10--12
\JY2/mc/m/n/10 ず
 []


Overfull \hbox (9.6222pt too wide) in paragraph at lines 10--12
\JY2/mc/m/n/10 に
 []


Overfull \hbox (9.6222pt too wide) in paragraph at lines 10--12
\JY2/mc/m/n/10 機
 []


Overfull \hbox (9.6222pt too wide) in paragraph at lines 10--12
\JY2/mc/m/n/10 械
 []


Overfull \hbox (9.6222pt too wide) in paragraph at lines 10--12
\JY2/mc/m/n/10 学
 []


Overfull \hbox (9.6222pt too wide) in paragraph at lines 10--12
\JY2/mc/m/n/10 習
 []


Overfull \hbox (9.6222pt too wide) in paragraph at lines 10--12
\JY2/mc/m/n/10 モ
 []


Overfull \hbox (9.6222pt too wide) in paragraph at lines 10--12
\JY2/mc/m/n/10 デ
 []


Overfull \hbox (9.6222pt too wide) in paragraph at lines 10--12
\JY2/mc/m/n/10 ル
 []


Overfull \hbox (9.6222pt too wide) in paragraph at lines 10--12
\JY2/mc/m/n/10 の
 []


Overfull \hbox (9.6222pt too wide) in paragraph at lines 10--12
\JY2/mc/m/n/10 精
 []


Overfull \hbox (9.6222pt too wide) in paragraph at lines 10--12
\JY2/mc/m/n/10 度
 []


Overfull \hbox (9.6222pt too wide) in paragraph at lines 10--12
\JY2/mc/m/n/10 を
 []


Overfull \hbox (9.6222pt too wide) in paragraph at lines 10--12
\JY2/mc/m/n/10 向
 []


Overfull \hbox (9.6222pt too wide) in paragraph at lines 10--12
\JY2/mc/m/n/10 上
 []


Overfull \hbox (9.6222pt too wide) in paragraph at lines 10--12
\JY2/mc/m/n/10 さ
 []


Overfull \hbox (9.6222pt too wide) in paragraph at lines 10--12
\JY2/mc/m/n/10 せ
 []


Overfull \hbox (9.6222pt too wide) in paragraph at lines 10--12
\JY2/mc/m/n/10 る
 []


Overfull \hbox (9.6222pt too wide) in paragraph at lines 10--12
\JY2/mc/m/n/10 学
 []


Overfull \hbox (9.6222pt too wide) in paragraph at lines 10--12
\JY2/mc/m/n/10 習
 []


Overfull \hbox (18.74438pt too wide) in paragraph at lines 10--12
\JY2/mc/m/n/10 デ ー
 []


Overfull \hbox (9.6222pt too wide) in paragraph at lines 10--12
\JY2/mc/m/n/10 タ
 []


Overfull \hbox (9.6222pt too wide) in paragraph at lines 10--12
\JY2/mc/m/n/10 を
 []


Overfull \hbox (9.6222pt too wide) in paragraph at lines 10--12
\JY2/mc/m/n/10 生
 []


Overfull \hbox (9.6222pt too wide) in paragraph at lines 10--12
\JY2/mc/m/n/10 成 
 []


! LaTeX Error: Environment description undefined.

See the LaTeX manual or LaTeX Companion for explanation.
Type  H <return>  for immediate help.
 ...                                              
                                                  
l.13 \begin{description}
                        
Your command was ignored.
Type  I <command> <return>  to replace it with another command,
or  <return>  to continue without it.


! LaTeX Error: Lonely \item--perhaps a missing list environment.

See the LaTeX manual or LaTeX Companion for explanation.
Type  H <return>  for immediate help.
 ...                                              
                                                  
l.14 ^^I\item[効果1]
                       勾配降下法の採用によりノイズに頑健...
Try typing  <return>  to proceed.
If that doesn't work, type  X <return>  to quit.


Overfull \hbox (9.6222pt too wide) in paragraph at lines 14--15
\JY2/mc/m/n/10 勾
 []


Overfull \hbox (9.6222pt too wide) in paragraph at lines 14--15
\JY2/mc/m/n/10 配
 []


Overfull \hbox (9.6222pt too wide) in paragraph at lines 14--15
\JY2/mc/m/n/10 降
 []


Overfull \hbox (9.6222pt too wide) in paragraph at lines 14--15
\JY2/mc/m/n/10 下
 []


Overfull \hbox (9.6222pt too wide) in paragraph at lines 14--15
\JY2/mc/m/n/10 法
 []


Overfull \hbox (9.6222pt too wide) in paragraph at lines 14--15
\JY2/mc/m/n/10 の
 []


Overfull \hbox (9.6222pt too wide) in paragraph at lines 14--15
\JY2/mc/m/n/10 採
 []


Overfull \hbox (9.6222pt too wide) in paragraph at lines 14--15
\JY2/mc/m/n/10 用
 []


Overfull \hbox (9.6222pt too wide) in paragraph at lines 14--15
\JY2/mc/m/n/10 に
 []


Overfull \hbox (9.6222pt too wide) in paragraph at lines 14--15
\JY2/mc/m/n/10 よ
 []


Overfull \hbox (9.6222pt too wide) in paragraph at lines 14--15
\JY2/mc/m/n/10 り
 []


Overfull \hbox (9.6222pt too wide) in paragraph at lines 14--15
\JY2/mc/m/n/10 ノ
 []


Overfull \hbox (9.6222pt too wide) in paragraph at lines 14--15
\JY2/mc/m/n/10 イ
 []


Overfull \hbox (9.6222pt too wide) in paragraph at lines 14--15
\JY2/mc/m/n/10 ズ
 []


Overfull \hbox (9.6222pt too wide) in paragraph at lines 14--15
\JY2/mc/m/n/10 に
 []


Overfull \hbox (9.6222pt too wide) in paragraph at lines 14--15
\JY2/mc/m/n/10 頑
 []


Overfull \hbox (9.6222pt too wide) in paragraph at lines 14--15
\JY2/mc/m/n/10 健
 []


Overfull \hbox (9.6222pt too wide) in paragraph at lines 14--15
\JY2/mc/m/n/10 な
 []


Overfull \hbox (9.6222pt too wide) in paragraph at lines 14--15
\JY2/mc/m/n/10 推
 []


Overfull \hbox (9.6222pt too wide) in paragraph at lines 14--15
\JY2/mc/m/n/10 定 
 []


! LaTeX Error: Lonely \item--perhaps a missing list environment.

See the LaTeX manual or LaTeX Companion for explanation.
Type  H <return>  for immediate help.
 ...                                              
                                                  
l.15 ^^I\item[効果2]
                       機械学習モデルの更新により，真のパ...
Try typing  <return>  to proceed.
If that doesn't work, type  X <return>  to quit.


Overfull \hbox (9.6222pt too wide) in paragraph at lines 15--16
\JY2/mc/m/n/10 機
 []


Overfull \hbox (9.6222pt too wide) in paragraph at lines 15--16
\JY2/mc/m/n/10 械
 []


Overfull \hbox (9.6222pt too wide) in paragraph at lines 15--16
\JY2/mc/m/n/10 学
 []


Overfull \hbox (9.6222pt too wide) in paragraph at lines 15--16
\JY2/mc/m/n/10 習
 []


Overfull \hbox (9.6222pt too wide) in paragraph at lines 15--16
\JY2/mc/m/n/10 モ
 []


Overfull \hbox (9.6222pt too wide) in paragraph at lines 15--16
\JY2/mc/m/n/10 デ
 []


Overfull \hbox (9.6222pt too wide) in paragraph at lines 15--16
\JY2/mc/m/n/10 ル
 []


Overfull \hbox (9.6222pt too wide) in paragraph at lines 15--16
\JY2/mc/m/n/10 の
 []


Overfull \hbox (9.6222pt too wide) in paragraph at lines 15--16
\JY2/mc/m/n/10 更
 []


Overfull \hbox (9.6222pt too wide) in paragraph at lines 15--16
\JY2/mc/m/n/10 新
 []


Overfull \hbox (9.6222pt too wide) in paragraph at lines 15--16
\JY2/mc/m/n/10 に
 []


Overfull \hbox (9.6222pt too wide) in paragraph at lines 15--16
\JY2/mc/m/n/10 よ
 []


Overfull \hbox (13.93329pt too wide) in paragraph at lines 15--16
\JY2/mc/m/n/10 り ，
 []


Overfull \hbox (9.6222pt too wide) in paragraph at lines 15--16
\JY2/mc/m/n/10 真
 []


Overfull \hbox (9.6222pt too wide) in paragraph at lines 15--16
\JY2/mc/m/n/10 の
 []


Overfull \hbox (9.6222pt too wide) in paragraph at lines 15--16
\JY2/mc/m/n/10 パ
 []


Overfull \hbox (9.6222pt too wide) in paragraph at lines 15--16
\JY2/mc/m/n/10 ラ
 []


Overfull \hbox (18.74438pt too wide) in paragraph at lines 15--16
\JY2/mc/m/n/10 メ ー
 []


Overfull \hbox (9.6222pt too wide) in paragraph at lines 15--16
\JY2/mc/m/n/10 タ
 []


Overfull \hbox (9.6222pt too wide) in paragraph at lines 15--16
\JY2/mc/m/n/10 変
 []


Overfull \hbox (9.6222pt too wide) in paragraph at lines 15--16
\JY2/mc/m/n/10 化
 []


Overfull \hbox (9.6222pt too wide) in paragraph at lines 15--16
\JY2/mc/m/n/10 に
 []


Overfull \hbox (9.6222pt too wide) in paragraph at lines 15--16
\JY2/mc/m/n/10 応
 []


Overfull \hbox (9.6222pt too wide) in paragraph at lines 15--16
\JY2/mc/m/n/10 じ
 []


Overfull \hbox (9.6222pt too wide) in paragraph at lines 15--16
\JY2/mc/m/n/10 て
 []


Overfull \hbox (9.6222pt too wide) in paragraph at lines 15--16
\JY2/mc/m/n/10 推
 []


Overfull \hbox (9.6222pt too wide) in paragraph at lines 15--16
\JY2/mc/m/n/10 定
 []


Overfull \hbox (9.6222pt too wide) in paragraph at lines 15--16
\JY2/mc/m/n/10 値
 []


Overfull \hbox (9.6222pt too wide) in paragraph at lines 15--16
\JY2/mc/m/n/10 を
 []


Overfull \hbox (9.6222pt too wide) in paragraph at lines 15--16
\JY2/mc/m/n/10 変
 []


Overfull \hbox (9.6222pt too wide) in paragraph at lines 15--16
\JY2/mc/m/n/10 化
 []


Overfull \hbox (9.6222pt too wide) in paragraph at lines 15--16
\JY2/mc/m/n/10 さ
 []


Overfull \hbox (9.6222pt too wide) in paragraph at lines 15--16
\JY2/mc/m/n/10 せ
 []


Overfull \hbox (9.6222pt too wide) in paragraph at lines 15--16
\JY2/mc/m/n/10 ら
 []


Overfull \hbox (9.6222pt too wide) in paragraph at lines 15--16
\JY2/mc/m/n/10 れ
 []


Overfull \hbox (9.6222pt too wide) in paragraph at lines 15--16
\JY2/mc/m/n/10 る 
 []


! LaTeX Error: Lonely \item--perhaps a missing list environment.

See the LaTeX manual or LaTeX Companion for explanation.
Type  H <return>  for immediate help.
 ...                                              
                                                  
l.16 ^^I\item[効果3]
                       観測値を得た直後に，精度の良いパラ...
Try typing  <return>  to proceed.
If that doesn't work, type  X <return>  to quit.


! LaTeX Error: \begin{document} ended by \end{description}.

See the LaTeX manual or LaTeX Companion for explanation.
Type  H <return>  for immediate help.
 ...                                              
                                                  
l.17 \end{description}
                      
Your command was ignored.
Type  I <command> <return>  to replace it with another command,
or  <return>  to continue without it.


Overfull \hbox (9.6222pt too wide) in paragraph at lines 16--18
\JY2/mc/m/n/10 観
 []


Overfull \hbox (9.6222pt too wide) in paragraph at lines 16--18
\JY2/mc/m/n/10 測
 []


Overfull \hbox (9.6222pt too wide) in paragraph at lines 16--18
\JY2/mc/m/n/10 値
 []


Overfull \hbox (9.6222pt too wide) in paragraph at lines 16--18
\JY2/mc/m/n/10 を
 []


Overfull \hbox (9.6222pt too wide) in paragraph at lines 16--18
\JY2/mc/m/n/10 得
 []


Overfull \hbox (9.6222pt too wide) in paragraph at lines 16--18
\JY2/mc/m/n/10 た
 []


Overfull \hbox (9.6222pt too wide) in paragraph at lines 16--18
\JY2/mc/m/n/10 直
 []


Overfull \hbox (9.6222pt too wide) in paragraph at lines 16--18
\JY2/mc/m/n/10 後
 []


Overfull \hbox (13.93329pt too wide) in paragraph at lines 16--18
\JY2/mc/m/n/10 に ，
 []


Overfull \hbox (9.6222pt too wide) in paragraph at lines 16--18
\JY2/mc/m/n/10 精
 []


Overfull \hbox (9.6222pt too wide) in paragraph at lines 16--18
\JY2/mc/m/n/10 度
 []


Overfull \hbox (9.6222pt too wide) in paragraph at lines 16--18
\JY2/mc/m/n/10 の
 []


Overfull \hbox (9.6222pt too wide) in paragraph at lines 16--18
\JY2/mc/m/n/10 良
 []


Overfull \hbox (9.6222pt too wide) in paragraph at lines 16--18
\JY2/mc/m/n/10 い
 []


Overfull \hbox (9.6222pt too wide) in paragraph at lines 16--18
\JY2/mc/m/n/10 パ
 []


Overfull \hbox (9.6222pt too wide) in paragraph at lines 16--18
\JY2/mc/m/n/10 ラ
 []


Overfull \hbox (18.74438pt too wide) in paragraph at lines 16--18
\JY2/mc/m/n/10 メ ー
 []


Overfull \hbox (9.6222pt too wide) in paragraph at lines 16--18
\JY2/mc/m/n/10 タ
 []


Overfull \hbox (9.6222pt too wide) in paragraph at lines 16--18
\JY2/mc/m/n/10 推
 []


Overfull \hbox (9.6222pt too wide) in paragraph at lines 16--18
\JY2/mc/m/n/10 定
 []


Overfull \hbox (9.6222pt too wide) in paragraph at lines 16--18
\JY2/mc/m/n/10 を
 []


Overfull \hbox (9.6222pt too wide) in paragraph at lines 16--18
\JY2/mc/m/n/10 実
 []


Overfull \hbox (9.6222pt too wide) in paragraph at lines 16--18
\JY2/mc/m/n/10 行 
 []


! LaTeX Error: Missing \begin{document}.

See the LaTeX manual or LaTeX Companion for explanation.
Type  H <return>  for immediate help.
 ...                                              
                                                  
l.19 こ
        れら効果の検証も，本研究の成果である．複数の...
You're in trouble here.  Try typing  <return>  to proceed.
If that doesn't work, type  X <return>  to quit.

LaTeX Font Info:    External font `cmex10' loaded for size
(Font)              <7> on input line 19.
LaTeX Font Info:    External font `cmex10' loaded for size
(Font)              <5> on input line 19.
LaTeX Font Info:    Font shape `JT2/mc/bx/n' in size <10> not available
(Font)              Font shape `JT2/gt/m/n' tried instead on input line 19.
LaTeX Font Info:    Font shape `JT2/gt/m/n' will be
(Font)              scaled to size 9.6222pt on input line 19.
LaTeX Font Info:    Font shape `JY2/mc/bx/n' in size <10> not available
(Font)              Font shape `JY2/gt/m/n' tried instead on input line 19.
LaTeX Font Info:    Font shape `JY2/gt/m/n' will be
(Font)              scaled to size 9.6222pt on input line 19.
! Undefined control sequence.
<write> ...ning: Reference `4.2' on page \thepage 
                                                  \space undefined\on@line .^^J
l.19 ...デルに採用した数値実験\ref{4.2}
                                                  において，オンラ...
The control sequence at the end of the top line
of your error message was never \def'ed. If you have
misspelled it (e.g., `\hobx'), type `I' and the correct
spelling (e.g., `I\hbox'). Otherwise just continue,
and I'll forget about whatever was undefined.


LaTeX Warning: Reference `4.2' on page  undefined on input line 19.


Overfull \hbox (29.6222pt too wide) in paragraph at lines 19--20
[]\JY2/mc/m/n/10 こ
 []


Overfull \hbox (9.6222pt too wide) in paragraph at lines 19--20
\JY2/mc/m/n/10 れ
 []


Overfull \hbox (9.6222pt too wide) in paragraph at lines 19--20
\JY2/mc/m/n/10 ら
 []


Overfull \hbox (9.6222pt too wide) in paragraph at lines 19--20
\JY2/mc/m/n/10 効
 []


Overfull \hbox (9.6222pt too wide) in paragraph at lines 19--20
\JY2/mc/m/n/10 果
 []


Overfull \hbox (9.6222pt too wide) in paragraph at lines 19--20
\JY2/mc/m/n/10 の
 []


Overfull \hbox (9.6222pt too wide) in paragraph at lines 19--20
\JY2/mc/m/n/10 検
 []


Overfull \hbox (9.6222pt too wide) in paragraph at lines 19--20
\JY2/mc/m/n/10 証
 []


Overfull \hbox (13.93329pt too wide) in paragraph at lines 19--20
\JY2/mc/m/n/10 も ，
 []


Overfull \hbox (9.6222pt too wide) in paragraph at lines 19--20
\JY2/mc/m/n/10 本
 []


Overfull \hbox (9.6222pt too wide) in paragraph at lines 19--20
\JY2/mc/m/n/10 研
 []


Overfull \hbox (9.6222pt too wide) in paragraph at lines 19--20
\JY2/mc/m/n/10 究
 []


Overfull \hbox (9.6222pt too wide) in paragraph at lines 19--20
\JY2/mc/m/n/10 の
 []


Overfull \hbox (9.6222pt too wide) in paragraph at lines 19--20
\JY2/mc/m/n/10 成
 []


Overfull \hbox (9.6222pt too wide) in paragraph at lines 19--20
\JY2/mc/m/n/10 果
 []


Overfull \hbox (9.6222pt too wide) in paragraph at lines 19--20
\JY2/mc/m/n/10 で
 []


Overfull \hbox (9.6222pt too wide) in paragraph at lines 19--20
\JY2/mc/m/n/10 あ
 []


Overfull \hbox (13.93329pt too wide) in paragraph at lines 19--20
\JY2/mc/m/n/10 る ．
 []


Overfull \hbox (9.6222pt too wide) in paragraph at lines 19--20
\JY2/mc/m/n/10 複
 []


Overfull \hbox (9.6222pt too wide) in paragraph at lines 19--20
\JY2/mc/m/n/10 数
 []


Overfull \hbox (9.6222pt too wide) in paragraph at lines 19--20
\JY2/mc/m/n/10 の
 []


Overfull \hbox (9.6222pt too wide) in paragraph at lines 19--20
\JY2/mc/m/n/10 数
 []


Overfull \hbox (9.6222pt too wide) in paragraph at lines 19--20
\JY2/mc/m/n/10 値
 []


Overfull \hbox (9.6222pt too wide) in paragraph at lines 19--20
\JY2/mc/m/n/10 実
 []


Overfull \hbox (9.6222pt too wide) in paragraph at lines 19--20
\JY2/mc/m/n/10 験
 []


Overfull \hbox (9.6222pt too wide) in paragraph at lines 19--20
\JY2/mc/m/n/10 に
 []


Overfull \hbox (9.6222pt too wide) in paragraph at lines 19--20
\JY2/mc/m/n/10 よ
 []


Overfull \hbox (13.93329pt too wide) in paragraph at lines 19--20
\JY2/mc/m/n/10 り ，
 []


Overfull \hbox (9.6222pt too wide) in paragraph at lines 19--20
\JY2/mc/m/n/10 提
 []


Overfull \hbox (9.6222pt too wide) in paragraph at lines 19--20
\JY2/mc/m/n/10 案
 []


Overfull \hbox (9.6222pt too wide) in paragraph at lines 19--20
\JY2/mc/m/n/10 ア
 []


Overfull \hbox (9.6222pt too wide) in paragraph at lines 19--20
\JY2/mc/m/n/10 ル
 []


Overfull \hbox (9.6222pt too wide) in paragraph at lines 19--20
\JY2/mc/m/n/10 ゴ
 []


Overfull \hbox (9.6222pt too wide) in paragraph at lines 19--20
\JY2/mc/m/n/10 リ
 []


Overfull \hbox (9.6222pt too wide) in paragraph at lines 19--20
\JY2/mc/m/n/10 ズ
 []


Overfull \hbox (9.6222pt too wide) in paragraph at lines 19--20
\JY2/mc/m/n/10 ム
 []


Overfull \hbox (9.6222pt too wide) in paragraph at lines 19--20
\JY2/mc/m/n/10 で
 []


Overfull \hbox (9.6222pt too wide) in paragraph at lines 19--20
\JY2/mc/m/n/10 採
 []


Overfull \hbox (9.6222pt too wide) in paragraph at lines 19--20
\JY2/mc/m/n/10 用
 []


Overfull \hbox (9.6222pt too wide) in paragraph at lines 19--20
\JY2/mc/m/n/10 し
 []


Overfull \hbox (9.6222pt too wide) in paragraph at lines 19--20
\JY2/mc/m/n/10 た
 []


Overfull \hbox (9.6222pt too wide) in paragraph at lines 19--20
\JY2/mc/m/n/10 手
 []


Overfull \hbox (9.6222pt too wide) in paragraph at lines 19--20
\JY2/mc/m/n/10 法
 []


Overfull \hbox (9.6222pt too wide) in paragraph at lines 19--20
\JY2/mc/m/n/10 の
 []


Overfull \hbox (9.6222pt too wide) in paragraph at lines 19--20
\JY2/mc/m/n/10 有
 []


Overfull \hbox (9.6222pt too wide) in paragraph at lines 19--20
\JY2/mc/m/n/10 効
 []


Overfull \hbox (9.6222pt too wide) in paragraph at lines 19--20
\JY2/mc/m/n/10 性
 []


Overfull \hbox (9.6222pt too wide) in paragraph at lines 19--20
\JY2/mc/m/n/10 を
 []


Overfull \hbox (9.6222pt too wide) in paragraph at lines 19--20
\JY2/mc/m/n/10 検
 []


Overfull \hbox (9.6222pt too wide) in paragraph at lines 19--20
\JY2/mc/m/n/10 証
 []


Overfull \hbox (9.6222pt too wide) in paragraph at lines 19--20
\JY2/mc/m/n/10 し
 []


Overfull \hbox (13.93329pt too wide) in paragraph at lines 19--20
\JY2/mc/m/n/10 た ．
 []


Overfull \hbox (9.6222pt too wide) in paragraph at lines 19--20
\JY2/mc/m/n/10 学
 []


Overfull \hbox (9.6222pt too wide) in paragraph at lines 19--20
\JY2/mc/m/n/10 習
 []


Overfull \hbox (18.74438pt too wide) in paragraph at lines 19--20
\JY2/mc/m/n/10 デ ー
 []


Overfull \hbox (9.6222pt too wide) in paragraph at lines 19--20
\JY2/mc/m/n/10 タ
 []


Overfull \hbox (9.6222pt too wide) in paragraph at lines 19--20
\JY2/mc/m/n/10 に
 []


Overfull \hbox (9.6222pt too wide) in paragraph at lines 19--20
\JY2/mc/m/n/10 加
 []


Overfull \hbox (9.6222pt too wide) in paragraph at lines 19--20
\JY2/mc/m/n/10 わ
 []


Overfull \hbox (9.6222pt too wide) in paragraph at lines 19--20
\JY2/mc/m/n/10 る
 []


Overfull \hbox (9.6222pt too wide) in paragraph at lines 19--20
\JY2/mc/m/n/10 ノ
 []


Overfull \hbox (9.6222pt too wide) in paragraph at lines 19--20
\JY2/mc/m/n/10 イ
 []


Overfull \hbox (9.6222pt too wide) in paragraph at lines 19--20
\JY2/mc/m/n/10 ズ
 []


Overfull \hbox (9.6222pt too wide) in paragraph at lines 19--20
\JY2/mc/m/n/10 の
 []


Overfull \hbox (9.6222pt too wide) in paragraph at lines 19--20
\JY2/mc/m/n/10 分
 []


Overfull \hbox (9.6222pt too wide) in paragraph at lines 19--20
\JY2/mc/m/n/10 散
 []


Overfull \hbox (9.6222pt too wide) in paragraph at lines 19--20
\JY2/mc/m/n/10 は
 []


Overfull \hbox (9.6222pt too wide) in paragraph at lines 19--20
\JY2/mc/m/n/10 問
 []


Overfull \hbox (9.6222pt too wide) in paragraph at lines 19--20
\JY2/mc/m/n/10 題
 []


Overfull \hbox (9.6222pt too wide) in paragraph at lines 19--20
\JY2/mc/m/n/10 に
 []


Overfull \hbox (9.6222pt too wide) in paragraph at lines 19--20
\JY2/mc/m/n/10 よ
 []


Overfull \hbox (9.6222pt too wide) in paragraph at lines 19--20
\JY2/mc/m/n/10 り
 []


Overfull \hbox (9.6222pt too wide) in paragraph at lines 19--20
\JY2/mc/m/n/10 異
 []


Overfull \hbox (9.6222pt too wide) in paragraph at lines 19--20
\JY2/mc/m/n/10 な
 []


Overfull \hbox (9.6222pt too wide) in paragraph at lines 19--20
\JY2/mc/m/n/10 る
 []


Overfull \hbox (9.6222pt too wide) in paragraph at lines 19--20
\JY2/mc/m/n/10 も
 []


Overfull \hbox (9.6222pt too wide) in paragraph at lines 19--20
\JY2/mc/m/n/10 の
 []


Overfull \hbox (13.93329pt too wide) in paragraph at lines 19--20
\JY2/mc/m/n/10 の ，
 []


Overfull \hbox (9.6222pt too wide) in paragraph at lines 19--20
\JY2/mc/m/n/10 損
 []


Overfull \hbox (9.6222pt too wide) in paragraph at lines 19--20
\JY2/mc/m/n/10 失
 []


Overfull \hbox (9.6222pt too wide) in paragraph at lines 19--20
\JY2/mc/m/n/10 関
 []


Overfull \hbox (9.6222pt too wide) in paragraph at lines 19--20
\JY2/mc/m/n/10 数
 []


Overfull \hbox (9.6222pt too wide) in paragraph at lines 19--20
\JY2/mc/m/n/10 の
 []


Overfull \hbox (9.6222pt too wide) in paragraph at lines 19--20
\JY2/mc/m/n/10 ス
 []


Overfull \hbox (18.74438pt too wide) in paragraph at lines 19--20
\JY2/mc/m/n/10 ケ ー
 []


Overfull \hbox (9.6222pt too wide) in paragraph at lines 19--20
\JY2/mc/m/n/10 ル
 []


Overfull \hbox (9.6222pt too wide) in paragraph at lines 19--20
\JY2/mc/m/n/10 の
 []


Overfull \hbox (6.38612pt too wide) in paragraph at lines 19--20
[]$
 []


Overfull \hbox (9.6222pt too wide) in paragraph at lines 19--20
\JY2/mc/m/n/10 程
 []


Overfull \hbox (9.6222pt too wide) in paragraph at lines 19--20
\JY2/mc/m/n/10 度
 []


Overfull \hbox (9.6222pt too wide) in paragraph at lines 19--20
\JY2/mc/m/n/10 ま
 []


Overfull \hbox (9.6222pt too wide) in paragraph at lines 19--20
\JY2/mc/m/n/10 で
 []


Overfull \hbox (9.6222pt too wide) in paragraph at lines 19--20
\JY2/mc/m/n/10 の
 []


Overfull \hbox (9.6222pt too wide) in paragraph at lines 19--20
\JY2/mc/m/n/10 分
 []


Overfull \hbox (9.6222pt too wide) in paragraph at lines 19--20
\JY2/mc/m/n/10 散
 []


Overfull \hbox (9.6222pt too wide) in paragraph at lines 19--20
\JY2/mc/m/n/10 の
 []


Overfull \hbox (9.6222pt too wide) in paragraph at lines 19--20
\JY2/mc/m/n/10 ノ
 []


Overfull \hbox (9.6222pt too wide) in paragraph at lines 19--20
\JY2/mc/m/n/10 イ
 []


Overfull \hbox (9.6222pt too wide) in paragraph at lines 19--20
\JY2/mc/m/n/10 ズ
 []


Overfull \hbox (9.6222pt too wide) in paragraph at lines 19--20
\JY2/mc/m/n/10 が
 []


Overfull \hbox (9.6222pt too wide) in paragraph at lines 19--20
\JY2/mc/m/n/10 加
 []


Overfull \hbox (9.6222pt too wide) in paragraph at lines 19--20
\JY2/mc/m/n/10 わ
 []


Overfull \hbox (9.6222pt too wide) in paragraph at lines 19--20
\JY2/mc/m/n/10 る
 []


Overfull \hbox (9.6222pt too wide) in paragraph at lines 19--20
\JY2/mc/m/n/10 条
 []


Overfull \hbox (9.6222pt too wide) in paragraph at lines 19--20
\JY2/mc/m/n/10 件
 []


Overfull \hbox (9.6222pt too wide) in paragraph at lines 19--20
\JY2/mc/m/n/10 で
 []


Overfull \hbox (13.93329pt too wide) in paragraph at lines 19--20
\JY2/mc/m/n/10 は ，
 []


Overfull \hbox (9.6222pt too wide) in paragraph at lines 19--20
\JY2/mc/m/n/10 微
 []


Overfull \hbox (9.6222pt too wide) in paragraph at lines 19--20
\JY2/mc/m/n/10 分
 []


Overfull \hbox (9.6222pt too wide) in paragraph at lines 19--20
\JY2/mc/m/n/10 値
 []


Overfull \hbox (9.6222pt too wide) in paragraph at lines 19--20
\JY2/mc/m/n/10 を
 []


Overfull \hbox (9.6222pt too wide) in paragraph at lines 19--20
\JY2/mc/m/n/10 用
 []


Overfull \hbox (9.6222pt too wide) in paragraph at lines 19--20
\JY2/mc/m/n/10 い
 []


Overfull \hbox (9.6222pt too wide) in paragraph at lines 19--20
\JY2/mc/m/n/10 た
 []


Overfull \hbox (9.6222pt too wide) in paragraph at lines 19--20
\JY2/mc/m/n/10 勾
 []


Overfull \hbox (9.6222pt too wide) in paragraph at lines 19--20
\JY2/mc/m/n/10 配
 []


Overfull \hbox (9.6222pt too wide) in paragraph at lines 19--20
\JY2/mc/m/n/10 降
 []


Overfull \hbox (9.6222pt too wide) in paragraph at lines 19--20
\JY2/mc/m/n/10 下
 []


Overfull \hbox (9.6222pt too wide) in paragraph at lines 19--20
\JY2/mc/m/n/10 法
 []


Overfull \hbox (9.6222pt too wide) in paragraph at lines 19--20
\JY2/mc/m/n/10 に
 []


Overfull \hbox (9.6222pt too wide) in paragraph at lines 19--20
\JY2/mc/m/n/10 よ
 []


Overfull \hbox (9.6222pt too wide) in paragraph at lines 19--20
\JY2/mc/m/n/10 っ
 []


Overfull \hbox (13.93329pt too wide) in paragraph at lines 19--20
\JY2/mc/m/n/10 て ，
 []


Overfull \hbox (9.6222pt too wide) in paragraph at lines 19--20
\JY2/mc/m/n/10 損
 []


Overfull \hbox (9.6222pt too wide) in paragraph at lines 19--20
\JY2/mc/m/n/10 失
 []


Overfull \hbox (9.6222pt too wide) in paragraph at lines 19--20
\JY2/mc/m/n/10 関
 []


Overfull \hbox (9.6222pt too wide) in paragraph at lines 19--20
\JY2/mc/m/n/10 数
 []


Overfull \hbox (9.6222pt too wide) in paragraph at lines 19--20
\JY2/mc/m/n/10 を
 []


Overfull \hbox (9.6222pt too wide) in paragraph at lines 19--20
\JY2/mc/m/n/10 学
 []


Overfull \hbox (9.6222pt too wide) in paragraph at lines 19--20
\JY2/mc/m/n/10 習
 []


Overfull \hbox (9.6222pt too wide) in paragraph at lines 19--20
\JY2/mc/m/n/10 し
 []


Overfull \hbox (9.6222pt too wide) in paragraph at lines 19--20
\JY2/mc/m/n/10 た
 []


Overfull \hbox (9.6222pt too wide) in paragraph at lines 19--20
\JY2/mc/m/n/10 最
 []


Overfull \hbox (9.6222pt too wide) in paragraph at lines 19--20
\JY2/mc/m/n/10 適
 []


Overfull \hbox (9.6222pt too wide) in paragraph at lines 19--20
\JY2/mc/m/n/10 化
 []


Overfull \hbox (9.6222pt too wide) in paragraph at lines 19--20
\JY2/mc/m/n/10 手
 []


Overfull \hbox (9.6222pt too wide) in paragraph at lines 19--20
\JY2/mc/m/n/10 法
 []


Overfull \hbox (9.6222pt too wide) in paragraph at lines 19--20
\JY2/mc/m/n/10 よ
 []


Overfull \hbox (9.6222pt too wide) in paragraph at lines 19--20
\JY2/mc/m/n/10 り
 []


Overfull \hbox (9.6222pt too wide) in paragraph at lines 19--20
\JY2/mc/m/n/10 も
 []


Overfull \hbox (9.6222pt too wide) in paragraph at lines 19--20
\JY2/mc/m/n/10 真
 []


Overfull \hbox (9.6222pt too wide) in paragraph at lines 19--20
\JY2/mc/m/n/10 の
 []


Overfull \hbox (9.6222pt too wide) in paragraph at lines 19--20
\JY2/mc/m/n/10 値
 []


Overfull \hbox (9.6222pt too wide) in paragraph at lines 19--20
\JY2/mc/m/n/10 に
 []


Overfull \hbox (9.6222pt too wide) in paragraph at lines 19--20
\JY2/mc/m/n/10 近
 []


Overfull \hbox (9.6222pt too wide) in paragraph at lines 19--20
\JY2/mc/m/n/10 い
 []


Overfull \hbox (9.6222pt too wide) in paragraph at lines 19--20
\JY2/mc/m/n/10 値
 []


Overfull \hbox (9.6222pt too wide) in paragraph at lines 19--20
\JY2/mc/m/n/10 を
 []


Overfull \hbox (9.6222pt too wide) in paragraph at lines 19--20
\JY2/mc/m/n/10 推
 []


Overfull \hbox (9.6222pt too wide) in paragraph at lines 19--20
\JY2/mc/m/n/10 定
 []


Overfull \hbox (9.6222pt too wide) in paragraph at lines 19--20
\JY2/mc/m/n/10 で
 []


Overfull \hbox (9.6222pt too wide) in paragraph at lines 19--20
\JY2/mc/m/n/10 き
 []


Overfull \hbox (9.6222pt too wide) in paragraph at lines 19--20
\JY2/mc/m/n/10 る
 []


Overfull \hbox (9.6222pt too wide) in paragraph at lines 19--20
\JY2/mc/m/n/10 こ
 []


Overfull \hbox (9.6222pt too wide) in paragraph at lines 19--20
\JY2/mc/m/n/10 と
 []


Overfull \hbox (9.6222pt too wide) in paragraph at lines 19--20
\JY2/mc/m/n/10 を
 []


Overfull \hbox (9.6222pt too wide) in paragraph at lines 19--20
\JY2/mc/m/n/10 確
 []


Overfull \hbox (9.6222pt too wide) in paragraph at lines 19--20
\JY2/mc/m/n/10 認
 []


Overfull \hbox (9.6222pt too wide) in paragraph at lines 19--20
\JY2/mc/m/n/10 し
 []


Overfull \hbox (13.93329pt too wide) in paragraph at lines 19--20
\JY2/mc/m/n/10 た ．
 []


Overfull \hbox (9.6222pt too wide) in paragraph at lines 19--20
\JY2/mc/m/n/10 ま
 []


Overfull \hbox (13.93329pt too wide) in paragraph at lines 19--20
\JY2/mc/m/n/10 た ，
 []


Overfull \hbox (22.63893pt too wide) in paragraph at lines 19--20
\OT1/cmr/m/n/10 DNN
 []


Overfull \hbox (9.6222pt too wide) in paragraph at lines 19--20
\JY2/mc/m/n/10 を
 []


Overfull \hbox (9.6222pt too wide) in paragraph at lines 19--20
\JY2/mc/m/n/10 モ
 []


Overfull \hbox (9.6222pt too wide) in paragraph at lines 19--20
\JY2/mc/m/n/10 デ
 []


Overfull \hbox (9.6222pt too wide) in paragraph at lines 19--20
\JY2/mc/m/n/10 ル
 []


Overfull \hbox (9.6222pt too wide) in paragraph at lines 19--20
\JY2/mc/m/n/10 に
 []


Overfull \hbox (9.6222pt too wide) in paragraph at lines 19--20
\JY2/mc/m/n/10 採
 []


Overfull \hbox (9.6222pt too wide) in paragraph at lines 19--20
\JY2/mc/m/n/10 用
 []


Overfull \hbox (9.6222pt too wide) in paragraph at lines 19--20
\JY2/mc/m/n/10 し
 []


Overfull \hbox (9.6222pt too wide) in paragraph at lines 19--20
\JY2/mc/m/n/10 た
 []


Overfull \hbox (9.6222pt too wide) in paragraph at lines 19--20
\JY2/mc/m/n/10 数
 []


Overfull \hbox (9.6222pt too wide) in paragraph at lines 19--20
\JY2/mc/m/n/10 値
 []


Overfull \hbox (9.6222pt too wide) in paragraph at lines 19--20
\JY2/mc/m/n/10 実
 []


Overfull \hbox (9.6222pt too wide) in paragraph at lines 19--20
\JY2/mc/m/n/10 験
 []


Overfull \hbox (10.86105pt too wide) in paragraph at lines 19--20
[]
 []


Overfull \hbox (9.6222pt too wide) in paragraph at lines 19--20
\JY2/mc/m/n/10 に
 []


Overfull \hbox (9.6222pt too wide) in paragraph at lines 19--20
\JY2/mc/m/n/10 お
 []


Overfull \hbox (9.6222pt too wide) in paragraph at lines 19--20
\JY2/mc/m/n/10 い
 []


Overfull \hbox (13.93329pt too wide) in paragraph at lines 19--20
\JY2/mc/m/n/10 て ，
 []


Overfull \hbox (9.6222pt too wide) in paragraph at lines 19--20
\JY2/mc/m/n/10 オ
 []


Overfull \hbox (9.6222pt too wide) in paragraph at lines 19--20
\JY2/mc/m/n/10 ン
 []


Overfull \hbox (9.6222pt too wide) in paragraph at lines 19--20
\JY2/mc/m/n/10 ラ
 []


Overfull \hbox (9.6222pt too wide) in paragraph at lines 19--20
\JY2/mc/m/n/10 イ
 []


Overfull \hbox (9.6222pt too wide) in paragraph at lines 19--20
\JY2/mc/m/n/10 ン
 []


Overfull \hbox (9.6222pt too wide) in paragraph at lines 19--20
\JY2/mc/m/n/10 転
 []


Overfull \hbox (9.6222pt too wide) in paragraph at lines 19--20
\JY2/mc/m/n/10 移
 []


Overfull \hbox (9.6222pt too wide) in paragraph at lines 19--20
\JY2/mc/m/n/10 学
 []


Overfull \hbox (9.6222pt too wide) in paragraph at lines 19--20
\JY2/mc/m/n/10 習
 []


Overfull \hbox (9.6222pt too wide) in paragraph at lines 19--20
\JY2/mc/m/n/10 を
 []


Overfull \hbox (9.6222pt too wide) in paragraph at lines 19--20
\JY2/mc/m/n/10 行
 []


Overfull \hbox (9.6222pt too wide) in paragraph at lines 19--20
\JY2/mc/m/n/10 な
 []


Overfull \hbox (9.6222pt too wide) in paragraph at lines 19--20
\JY2/mc/m/n/10 っ
 []


Overfull \hbox (9.6222pt too wide) in paragraph at lines 19--20
\JY2/mc/m/n/10 た
 []


Overfull \hbox (9.6222pt too wide) in paragraph at lines 19--20
\JY2/mc/m/n/10 モ
 []


Overfull \hbox (9.6222pt too wide) in paragraph at lines 19--20
\JY2/mc/m/n/10 デ
 []


Overfull \hbox (9.6222pt too wide) in paragraph at lines 19--20
\JY2/mc/m/n/10 ル
 []


Overfull \hbox (9.6222pt too wide) in paragraph at lines 19--20
\JY2/mc/m/n/10 が
 []


Overfull \hbox (9.6222pt too wide) in paragraph at lines 19--20
\JY2/mc/m/n/10 変
 []


Overfull \hbox (9.6222pt too wide) in paragraph at lines 19--20
\JY2/mc/m/n/10 化
 []


Overfull \hbox (9.6222pt too wide) in paragraph at lines 19--20
\JY2/mc/m/n/10 し
 []


Overfull \hbox (9.6222pt too wide) in paragraph at lines 19--20
\JY2/mc/m/n/10 た
 []


Overfull \hbox (9.6222pt too wide) in paragraph at lines 19--20
\JY2/mc/m/n/10 パ
 []


Overfull \hbox (9.6222pt too wide) in paragraph at lines 19--20
\JY2/mc/m/n/10 ラ
 []


Overfull \hbox (18.74438pt too wide) in paragraph at lines 19--20
\JY2/mc/m/n/10 メ ー
 []


Overfull \hbox (9.6222pt too wide) in paragraph at lines 19--20
\JY2/mc/m/n/10 タ
 []


Overfull \hbox (9.6222pt too wide) in paragraph at lines 19--20
\JY2/mc/m/n/10 に
 []


Overfull \hbox (9.6222pt too wide) in paragraph at lines 19--20
\JY2/mc/m/n/10 応
 []


Overfull \hbox (9.6222pt too wide) in paragraph at lines 19--20
\JY2/mc/m/n/10 じ
 []


Overfull \hbox (9.6222pt too wide) in paragraph at lines 19--20
\JY2/mc/m/n/10 て
 []


Overfull \hbox (9.6222pt too wide) in paragraph at lines 19--20
\JY2/mc/m/n/10 微
 []


Overfull \hbox (9.6222pt too wide) in paragraph at lines 19--20
\JY2/mc/m/n/10 分
 []


Overfull \hbox (9.6222pt too wide) in paragraph at lines 19--20
\JY2/mc/m/n/10 値
 []


Overfull \hbox (9.6222pt too wide) in paragraph at lines 19--20
\JY2/mc/m/n/10 を
 []


Overfull \hbox (9.6222pt too wide) in paragraph at lines 19--20
\JY2/mc/m/n/10 出
 []


Overfull \hbox (9.6222pt too wide) in paragraph at lines 19--20
\JY2/mc/m/n/10 力
 []


Overfull \hbox (9.6222pt too wide) in paragraph at lines 19--20
\JY2/mc/m/n/10 す
 []


Overfull \hbox (9.6222pt too wide) in paragraph at lines 19--20
\JY2/mc/m/n/10 る
 []


Overfull \hbox (9.6222pt too wide) in paragraph at lines 19--20
\JY2/mc/m/n/10 こ
 []


Overfull \hbox (9.6222pt too wide) in paragraph at lines 19--20
\JY2/mc/m/n/10 と
 []


Overfull \hbox (9.6222pt too wide) in paragraph at lines 19--20
\JY2/mc/m/n/10 を
 []


Overfull \hbox (9.6222pt too wide) in paragraph at lines 19--20
\JY2/mc/m/n/10 検
 []


Overfull \hbox (9.6222pt too wide) in paragraph at lines 19--20
\JY2/mc/m/n/10 証
 []


Overfull \hbox (9.6222pt too wide) in paragraph at lines 19--20
\JY2/mc/m/n/10 し
 []


Overfull \hbox (13.93329pt too wide) in paragraph at lines 19--20
\JY2/mc/m/n/10 た ．
 []


Overfull \hbox (9.6222pt too wide) in paragraph at lines 19--20
\JY2/mc/m/n/10 学
 []


Overfull \hbox (9.6222pt too wide) in paragraph at lines 19--20
\JY2/mc/m/n/10 習
 []


Overfull \hbox (9.6222pt too wide) in paragraph at lines 19--20
\JY2/mc/m/n/10 範
 []


Overfull \hbox (9.6222pt too wide) in paragraph at lines 19--20
\JY2/mc/m/n/10 囲
 []


Overfull \hbox (9.6222pt too wide) in paragraph at lines 19--20
\JY2/mc/m/n/10 を
 []


Overfull \hbox (9.6222pt too wide) in paragraph at lines 19--20
\JY2/mc/m/n/10 制
 []


Overfull \hbox (9.6222pt too wide) in paragraph at lines 19--20
\JY2/mc/m/n/10 限
 []


Overfull \hbox (9.6222pt too wide) in paragraph at lines 19--20
\JY2/mc/m/n/10 す
 []


Overfull \hbox (9.6222pt too wide) in paragraph at lines 19--20
\JY2/mc/m/n/10 る
 []


Overfull \hbox (9.6222pt too wide) in paragraph at lines 19--20
\JY2/mc/m/n/10 こ
 []


Overfull \hbox (9.6222pt too wide) in paragraph at lines 19--20
\JY2/mc/m/n/10 と
 []


Overfull \hbox (9.6222pt too wide) in paragraph at lines 19--20
\JY2/mc/m/n/10 で
 []


Overfull \hbox (9.6222pt too wide) in paragraph at lines 19--20
\JY2/mc/m/n/10 学
 []


Overfull \hbox (9.6222pt too wide) in paragraph at lines 19--20
\JY2/mc/m/n/10 習
 []


Overfull \hbox (9.6222pt too wide) in paragraph at lines 19--20
\JY2/mc/m/n/10 密
 []


Overfull \hbox (9.6222pt too wide) in paragraph at lines 19--20
\JY2/mc/m/n/10 度
 []


Overfull \hbox (9.6222pt too wide) in paragraph at lines 19--20
\JY2/mc/m/n/10 を
 []


Overfull \hbox (9.6222pt too wide) in paragraph at lines 19--20
\JY2/mc/m/n/10 上
 []


Overfull \hbox (9.6222pt too wide) in paragraph at lines 19--20
\JY2/mc/m/n/10 げ
 []


Overfull \hbox (9.6222pt too wide) in paragraph at lines 19--20
\JY2/mc/m/n/10 る
 []


Overfull \hbox (13.93329pt too wide) in paragraph at lines 19--20
\JY2/mc/m/n/10 と ，
 []


Overfull \hbox (9.6222pt too wide) in paragraph at lines 19--20
\JY2/mc/m/n/10 学
 []


Overfull \hbox (9.6222pt too wide) in paragraph at lines 19--20
\JY2/mc/m/n/10 習
 []


Overfull \hbox (9.6222pt too wide) in paragraph at lines 19--20
\JY2/mc/m/n/10 範
 []


Overfull \hbox (9.6222pt too wide) in paragraph at lines 19--20
\JY2/mc/m/n/10 囲
 []


Overfull \hbox (9.6222pt too wide) in paragraph at lines 19--20
\JY2/mc/m/n/10 内
 []


Overfull \hbox (9.6222pt too wide) in paragraph at lines 19--20
\JY2/mc/m/n/10 の
 []


Overfull \hbox (9.6222pt too wide) in paragraph at lines 19--20
\JY2/mc/m/n/10 パ
 []


Overfull \hbox (9.6222pt too wide) in paragraph at lines 19--20
\JY2/mc/m/n/10 ラ
 []


Overfull \hbox (18.74438pt too wide) in paragraph at lines 19--20
\JY2/mc/m/n/10 メ ー
 []


Overfull \hbox (9.6222pt too wide) in paragraph at lines 19--20
\JY2/mc/m/n/10 タ
 []


Overfull \hbox (9.6222pt too wide) in paragraph at lines 19--20
\JY2/mc/m/n/10 推
 []


Overfull \hbox (9.6222pt too wide) in paragraph at lines 19--20
\JY2/mc/m/n/10 定
 []


Overfull \hbox (9.6222pt too wide) in paragraph at lines 19--20
\JY2/mc/m/n/10 精
 []


Overfull \hbox (9.6222pt too wide) in paragraph at lines 19--20
\JY2/mc/m/n/10 度
 []


Overfull \hbox (9.6222pt too wide) in paragraph at lines 19--20
\JY2/mc/m/n/10 が
 []


Overfull \hbox (9.6222pt too wide) in paragraph at lines 19--20
\JY2/mc/m/n/10 向
 []


Overfull \hbox (9.6222pt too wide) in paragraph at lines 19--20
\JY2/mc/m/n/10 上
 []


Overfull \hbox (13.93329pt too wide) in paragraph at lines 19--20
\JY2/mc/m/n/10 し ，
 []


Overfull \hbox (9.6222pt too wide) in paragraph at lines 19--20
\JY2/mc/m/n/10 微
 []


Overfull \hbox (9.6222pt too wide) in paragraph at lines 19--20
\JY2/mc/m/n/10 分
 []


Overfull \hbox (9.6222pt too wide) in paragraph at lines 19--20
\JY2/mc/m/n/10 値
 []


Overfull \hbox (9.6222pt too wide) in paragraph at lines 19--20
\JY2/mc/m/n/10 学
 []


Overfull \hbox (9.6222pt too wide) in paragraph at lines 19--20
\JY2/mc/m/n/10 習
 []


Overfull \hbox (9.6222pt too wide) in paragraph at lines 19--20
\JY2/mc/m/n/10 に
 []


Overfull \hbox (9.6222pt too wide) in paragraph at lines 19--20
\JY2/mc/m/n/10 お
 []


Overfull \hbox (9.6222pt too wide) in paragraph at lines 19--20
\JY2/mc/m/n/10 い
 []


Overfull \hbox (9.6222pt too wide) in paragraph at lines 19--20
\JY2/mc/m/n/10 て
 []


Overfull \hbox (9.6222pt too wide) in paragraph at lines 19--20
\JY2/mc/m/n/10 は
 []


Overfull \hbox (9.6222pt too wide) in paragraph at lines 19--20
\JY2/mc/m/n/10 学
 []


Overfull \hbox (9.6222pt too wide) in paragraph at lines 19--20
\JY2/mc/m/n/10 習
 []


Overfull \hbox (9.6222pt too wide) in paragraph at lines 19--20
\JY2/mc/m/n/10 範
 []


Overfull \hbox (9.6222pt too wide) in paragraph at lines 19--20
\JY2/mc/m/n/10 囲
 []


Overfull \hbox (9.6222pt too wide) in paragraph at lines 19--20
\JY2/mc/m/n/10 外
 []


Overfull \hbox (9.6222pt too wide) in paragraph at lines 19--20
\JY2/mc/m/n/10 で
 []


Overfull \hbox (9.6222pt too wide) in paragraph at lines 19--20
\JY2/mc/m/n/10 も
 []


Overfull \hbox (9.6222pt too wide) in paragraph at lines 19--20
\JY2/mc/m/n/10 パ
 []


Overfull \hbox (9.6222pt too wide) in paragraph at lines 19--20
\JY2/mc/m/n/10 ラ
 []


Overfull \hbox (18.74438pt too wide) in paragraph at lines 19--20
\JY2/mc/m/n/10 メ ー
 []


Overfull \hbox (9.6222pt too wide) in paragraph at lines 19--20
\JY2/mc/m/n/10 タ
 []


Overfull \hbox (9.6222pt too wide) in paragraph at lines 19--20
\JY2/mc/m/n/10 推
 []


Overfull \hbox (9.6222pt too wide) in paragraph at lines 19--20
\JY2/mc/m/n/10 定
 []


Overfull \hbox (9.6222pt too wide) in paragraph at lines 19--20
\JY2/mc/m/n/10 精
 []


Overfull \hbox (9.6222pt too wide) in paragraph at lines 19--20
\JY2/mc/m/n/10 度
 []


Overfull \hbox (9.6222pt too wide) in paragraph at lines 19--20
\JY2/mc/m/n/10 が
 []


Overfull \hbox (9.6222pt too wide) in paragraph at lines 19--20
\JY2/mc/m/n/10 大
 []


Overfull \hbox (9.6222pt too wide) in paragraph at lines 19--20
\JY2/mc/m/n/10 き
 []


Overfull \hbox (9.6222pt too wide) in paragraph at lines 19--20
\JY2/mc/m/n/10 く
 []


Overfull \hbox (9.6222pt too wide) in paragraph at lines 19--20
\JY2/mc/m/n/10 低
 []


Overfull \hbox (9.6222pt too wide) in paragraph at lines 19--20
\JY2/mc/m/n/10 下
 []


Overfull \hbox (9.6222pt too wide) in paragraph at lines 19--20
\JY2/mc/m/n/10 す
 []


Overfull \hbox (9.6222pt too wide) in paragraph at lines 19--20
\JY2/mc/m/n/10 る
 []


Overfull \hbox (9.6222pt too wide) in paragraph at lines 19--20
\JY2/mc/m/n/10 こ
 []


Overfull \hbox (9.6222pt too wide) in paragraph at lines 19--20
\JY2/mc/m/n/10 と
 []


Overfull \hbox (9.6222pt too wide) in paragraph at lines 19--20
\JY2/mc/m/n/10 は
 []


Overfull \hbox (9.6222pt too wide) in paragraph at lines 19--20
\JY2/mc/m/n/10 な
 []


Overfull \hbox (9.6222pt too wide) in paragraph at lines 19--20
\JY2/mc/m/n/10 か
 []


Overfull \hbox (9.6222pt too wide) in paragraph at lines 19--20
\JY2/mc/m/n/10 っ
 []


Overfull \hbox (13.93329pt too wide) in paragraph at lines 19--20
\JY2/mc/m/n/10 た ． 
 []


! LaTeX Error: Missing \begin{document}.

See the LaTeX manual or LaTeX Companion for explanation.
Type  H <return>  for immediate help.
 ...                                              
                                                  
l.21 本
        研究の交通分野での貢献は，以上のアルゴリズム...
You're in trouble here.  Try typing  <return>  to proceed.
If that doesn't work, type  X <return>  to quit.

! Undefined control sequence.
<write> ...arning: Reference `5' on page \thepage 
                                                  \space undefined\on@line .^^J
l.21 ...で可能にした点にある．\ref{5}
                                                章では復旧期シミュレ
The control sequence at the end of the top line
of your error message was never \def'ed. If you have
misspelled it (e.g., `\hobx'), type `I' and the correct
spelling (e.g., `I\hbox'). Otherwise just continue,
and I'll forget about whatever was undefined.


LaTeX Warning: Reference `5' on page  undefined on input line 21.


Overfull \hbox (29.6222pt too wide) in paragraph at lines 21--22
[]\JY2/mc/m/n/10 本
 []


Overfull \hbox (9.6222pt too wide) in paragraph at lines 21--22
\JY2/mc/m/n/10 研
 []


Overfull \hbox (9.6222pt too wide) in paragraph at lines 21--22
\JY2/mc/m/n/10 究
 []


Overfull \hbox (9.6222pt too wide) in paragraph at lines 21--22
\JY2/mc/m/n/10 の
 []


Overfull \hbox (9.6222pt too wide) in paragraph at lines 21--22
\JY2/mc/m/n/10 交
 []


Overfull \hbox (9.6222pt too wide) in paragraph at lines 21--22
\JY2/mc/m/n/10 通
 []


Overfull \hbox (9.6222pt too wide) in paragraph at lines 21--22
\JY2/mc/m/n/10 分
 []


Overfull \hbox (9.6222pt too wide) in paragraph at lines 21--22
\JY2/mc/m/n/10 野
 []


Overfull \hbox (9.6222pt too wide) in paragraph at lines 21--22
\JY2/mc/m/n/10 で
 []


Overfull \hbox (9.6222pt too wide) in paragraph at lines 21--22
\JY2/mc/m/n/10 の
 []


Overfull \hbox (9.6222pt too wide) in paragraph at lines 21--22
\JY2/mc/m/n/10 貢
 []


Overfull \hbox (9.6222pt too wide) in paragraph at lines 21--22
\JY2/mc/m/n/10 献
 []


Overfull \hbox (13.93329pt too wide) in paragraph at lines 21--22
\JY2/mc/m/n/10 は ，
 []


Overfull \hbox (9.6222pt too wide) in paragraph at lines 21--22
\JY2/mc/m/n/10 以
 []


Overfull \hbox (9.6222pt too wide) in paragraph at lines 21--22
\JY2/mc/m/n/10 上
 []


Overfull \hbox (9.6222pt too wide) in paragraph at lines 21--22
\JY2/mc/m/n/10 の
 []


Overfull \hbox (9.6222pt too wide) in paragraph at lines 21--22
\JY2/mc/m/n/10 ア
 []


Overfull \hbox (9.6222pt too wide) in paragraph at lines 21--22
\JY2/mc/m/n/10 ル
 []


Overfull \hbox (9.6222pt too wide) in paragraph at lines 21--22
\JY2/mc/m/n/10 ゴ
 []


Overfull \hbox (9.6222pt too wide) in paragraph at lines 21--22
\JY2/mc/m/n/10 リ
 []


Overfull \hbox (9.6222pt too wide) in paragraph at lines 21--22
\JY2/mc/m/n/10 ズ
 []


Overfull \hbox (9.6222pt too wide) in paragraph at lines 21--22
\JY2/mc/m/n/10 ム
 []


Overfull \hbox (9.6222pt too wide) in paragraph at lines 21--22
\JY2/mc/m/n/10 開
 []


Overfull \hbox (9.6222pt too wide) in paragraph at lines 21--22
\JY2/mc/m/n/10 発
 []


Overfull \hbox (9.6222pt too wide) in paragraph at lines 21--22
\JY2/mc/m/n/10 に
 []


Overfull \hbox (9.6222pt too wide) in paragraph at lines 21--22
\JY2/mc/m/n/10 よ
 []


Overfull \hbox (9.6222pt too wide) in paragraph at lines 21--22
\JY2/mc/m/n/10 り
 []


Overfull \hbox (9.6222pt too wide) in paragraph at lines 21--22
\JY2/mc/m/n/10 従
 []


Overfull \hbox (9.6222pt too wide) in paragraph at lines 21--22
\JY2/mc/m/n/10 来
 []


Overfull \hbox (9.6222pt too wide) in paragraph at lines 21--22
\JY2/mc/m/n/10 は
 []


Overfull \hbox (9.6222pt too wide) in paragraph at lines 21--22
\JY2/mc/m/n/10 行
 []


Overfull \hbox (9.6222pt too wide) in paragraph at lines 21--22
\JY2/mc/m/n/10 え
 []


Overfull \hbox (9.6222pt too wide) in paragraph at lines 21--22
\JY2/mc/m/n/10 な
 []


Overfull \hbox (9.6222pt too wide) in paragraph at lines 21--22
\JY2/mc/m/n/10 か
 []


Overfull \hbox (9.6222pt too wide) in paragraph at lines 21--22
\JY2/mc/m/n/10 っ
 []


Overfull \hbox (9.6222pt too wide) in paragraph at lines 21--22
\JY2/mc/m/n/10 た
 []


Overfull \hbox (9.6222pt too wide) in paragraph at lines 21--22
\JY2/mc/m/n/10 リ
 []


Overfull \hbox (9.6222pt too wide) in paragraph at lines 21--22
\JY2/mc/m/n/10 ア
 []


Overfull \hbox (9.6222pt too wide) in paragraph at lines 21--22
\JY2/mc/m/n/10 ル
 []


Overfull \hbox (9.6222pt too wide) in paragraph at lines 21--22
\JY2/mc/m/n/10 タ
 []


Overfull \hbox (9.6222pt too wide) in paragraph at lines 21--22
\JY2/mc/m/n/10 イ
 []


Overfull \hbox (9.6222pt too wide) in paragraph at lines 21--22
\JY2/mc/m/n/10 ム
 []


Overfull \hbox (9.6222pt too wide) in paragraph at lines 21--22
\JY2/mc/m/n/10 の
 []


Overfull \hbox (9.6222pt too wide) in paragraph at lines 21--22
\JY2/mc/m/n/10 パ
 []


Overfull \hbox (9.6222pt too wide) in paragraph at lines 21--22
\JY2/mc/m/n/10 ラ
 []


Overfull \hbox (18.74438pt too wide) in paragraph at lines 21--22
\JY2/mc/m/n/10 メ ー
 []


Overfull \hbox (9.6222pt too wide) in paragraph at lines 21--22
\JY2/mc/m/n/10 タ
 []


Overfull \hbox (9.6222pt too wide) in paragraph at lines 21--22
\JY2/mc/m/n/10 推
 []


Overfull \hbox (9.6222pt too wide) in paragraph at lines 21--22
\JY2/mc/m/n/10 定
 []


Overfull \hbox (9.6222pt too wide) in paragraph at lines 21--22
\JY2/mc/m/n/10 を
 []


Overfull \hbox (9.6222pt too wide) in paragraph at lines 21--22
\JY2/mc/m/n/10 大
 []


Overfull \hbox (9.6222pt too wide) in paragraph at lines 21--22
\JY2/mc/m/n/10 規
 []


Overfull \hbox (9.6222pt too wide) in paragraph at lines 21--22
\JY2/mc/m/n/10 模
 []


Overfull \hbox (9.6222pt too wide) in paragraph at lines 21--22
\JY2/mc/m/n/10 交
 []


Overfull \hbox (9.6222pt too wide) in paragraph at lines 21--22
\JY2/mc/m/n/10 通
 []


Overfull \hbox (9.6222pt too wide) in paragraph at lines 21--22
\JY2/mc/m/n/10 シ
 []


Overfull \hbox (9.6222pt too wide) in paragraph at lines 21--22
\JY2/mc/m/n/10 ミ
 []


Overfull \hbox (9.6222pt too wide) in paragraph at lines 21--22
\JY2/mc/m/n/10 ュ
 []


Overfull \hbox (18.74438pt too wide) in paragraph at lines 21--22
\JY2/mc/m/n/10 レ ー
 []


Overfull \hbox (9.6222pt too wide) in paragraph at lines 21--22
\JY2/mc/m/n/10 タ
 []


Overfull \hbox (9.6222pt too wide) in paragraph at lines 21--22
\JY2/mc/m/n/10 で
 []


Overfull \hbox (9.6222pt too wide) in paragraph at lines 21--22
\JY2/mc/m/n/10 可
 []


Overfull \hbox (9.6222pt too wide) in paragraph at lines 21--22
\JY2/mc/m/n/10 能
 []


Overfull \hbox (9.6222pt too wide) in paragraph at lines 21--22
\JY2/mc/m/n/10 に
 []


Overfull \hbox (9.6222pt too wide) in paragraph at lines 21--22
\JY2/mc/m/n/10 し
 []


Overfull \hbox (9.6222pt too wide) in paragraph at lines 21--22
\JY2/mc/m/n/10 た
 []


Overfull \hbox (9.6222pt too wide) in paragraph at lines 21--22
\JY2/mc/m/n/10 点
 []


Overfull \hbox (9.6222pt too wide) in paragraph at lines 21--22
\JY2/mc/m/n/10 に
 []


Overfull \hbox (9.6222pt too wide) in paragraph at lines 21--22
\JY2/mc/m/n/10 あ
 []


Overfull \hbox (13.93329pt too wide) in paragraph at lines 21--22
\JY2/mc/m/n/10 る ．
 []


Overfull \hbox (10.86105pt too wide) in paragraph at lines 21--22
[]
 []


Overfull \hbox (9.6222pt too wide) in paragraph at lines 21--22
\JY2/mc/m/n/10 章
 []


Overfull \hbox (9.6222pt too wide) in paragraph at lines 21--22
\JY2/mc/m/n/10 で
 []


Overfull \hbox (9.6222pt too wide) in paragraph at lines 21--22
\JY2/mc/m/n/10 は
 []


Overfull \hbox (9.6222pt too wide) in paragraph at lines 21--22
\JY2/mc/m/n/10 復
 []


Overfull \hbox (9.6222pt too wide) in paragraph at lines 21--22
\JY2/mc/m/n/10 旧
 []


Overfull \hbox (9.6222pt too wide) in paragraph at lines 21--22
\JY2/mc/m/n/10 期
 []


Overfull \hbox (9.6222pt too wide) in paragraph at lines 21--22
\JY2/mc/m/n/10 シ
 []


Overfull \hbox (9.6222pt too wide) in paragraph at lines 21--22
\JY2/mc/m/n/10 ミ
 []


Overfull \hbox (9.6222pt too wide) in paragraph at lines 21--22
\JY2/mc/m/n/10 ュ
 []


Overfull \hbox (18.74438pt too wide) in paragraph at lines 21--22
\JY2/mc/m/n/10 レ ー
 []


Overfull \hbox (9.6222pt too wide) in paragraph at lines 21--22
\JY2/mc/m/n/10 タ
 []


Overfull \hbox (9.6222pt too wide) in paragraph at lines 21--22
\JY2/mc/m/n/10 を
 []


Overfull \hbox (9.6222pt too wide) in paragraph at lines 21--22
\JY2/mc/m/n/10 用
 []


Overfull \hbox (13.93329pt too wide) in paragraph at lines 21--22
\JY2/mc/m/n/10 い ，
 []


Overfull \hbox (9.6222pt too wide) in paragraph at lines 21--22
\JY2/mc/m/n/10 提
 []


Overfull \hbox (9.6222pt too wide) in paragraph at lines 21--22
\JY2/mc/m/n/10 案
 []


Overfull \hbox (9.6222pt too wide) in paragraph at lines 21--22
\JY2/mc/m/n/10 ア
 []


Overfull \hbox (9.6222pt too wide) in paragraph at lines 21--22
\JY2/mc/m/n/10 ル
 []


Overfull \hbox (9.6222pt too wide) in paragraph at lines 21--22
\JY2/mc/m/n/10 ゴ
 []


Overfull \hbox (9.6222pt too wide) in paragraph at lines 21--22
\JY2/mc/m/n/10 リ
 []


Overfull \hbox (9.6222pt too wide) in paragraph at lines 21--22
\JY2/mc/m/n/10 ズ
 []


Overfull \hbox (9.6222pt too wide) in paragraph at lines 21--22
\JY2/mc/m/n/10 ム
 []


Overfull \hbox (9.6222pt too wide) in paragraph at lines 21--22
\JY2/mc/m/n/10 に
 []


Overfull \hbox (9.6222pt too wide) in paragraph at lines 21--22
\JY2/mc/m/n/10 よ
 []


Overfull \hbox (9.6222pt too wide) in paragraph at lines 21--22
\JY2/mc/m/n/10 っ
 []


Overfull \hbox (9.6222pt too wide) in paragraph at lines 21--22
\JY2/mc/m/n/10 て
 []


Overfull \hbox (9.6222pt too wide) in paragraph at lines 21--22
\JY2/mc/m/n/10 毎
 []


Overfull \hbox (9.6222pt too wide) in paragraph at lines 21--22
\JY2/mc/m/n/10 時
 []


Overfull \hbox (9.6222pt too wide) in paragraph at lines 21--22
\JY2/mc/m/n/10 に
 []


Overfull \hbox (9.6222pt too wide) in paragraph at lines 21--22
\JY2/mc/m/n/10 パ
 []


Overfull \hbox (9.6222pt too wide) in paragraph at lines 21--22
\JY2/mc/m/n/10 ラ
 []


Overfull \hbox (18.74438pt too wide) in paragraph at lines 21--22
\JY2/mc/m/n/10 メ ー
 []


Overfull \hbox (9.6222pt too wide) in paragraph at lines 21--22
\JY2/mc/m/n/10 タ
 []


Overfull \hbox (9.6222pt too wide) in paragraph at lines 21--22
\JY2/mc/m/n/10 推
 []


Overfull \hbox (9.6222pt too wide) in paragraph at lines 21--22
\JY2/mc/m/n/10 定
 []


Overfull \hbox (9.6222pt too wide) in paragraph at lines 21--22
\JY2/mc/m/n/10 を
 []


Overfull \hbox (9.6222pt too wide) in paragraph at lines 21--22
\JY2/mc/m/n/10 十
 []


Overfull \hbox (9.6222pt too wide) in paragraph at lines 21--22
\JY2/mc/m/n/10 分
 []


Overfull \hbox (9.6222pt too wide) in paragraph at lines 21--22
\JY2/mc/m/n/10 な
 []


Overfull \hbox (9.6222pt too wide) in paragraph at lines 21--22
\JY2/mc/m/n/10 精
 []


Overfull \hbox (9.6222pt too wide) in paragraph at lines 21--22
\JY2/mc/m/n/10 度
 []


Overfull \hbox (9.6222pt too wide) in paragraph at lines 21--22
\JY2/mc/m/n/10 で
 []


Overfull \hbox (9.6222pt too wide) in paragraph at lines 21--22
\JY2/mc/m/n/10 行
 []


Overfull \hbox (9.6222pt too wide) in paragraph at lines 21--22
\JY2/mc/m/n/10 え
 []


Overfull \hbox (9.6222pt too wide) in paragraph at lines 21--22
\JY2/mc/m/n/10 る
 []


Overfull \hbox (9.6222pt too wide) in paragraph at lines 21--22
\JY2/mc/m/n/10 こ
 []


Overfull \hbox (9.6222pt too wide) in paragraph at lines 21--22
\JY2/mc/m/n/10 と
 []


Overfull \hbox (9.6222pt too wide) in paragraph at lines 21--22
\JY2/mc/m/n/10 を
 []


Overfull \hbox (9.6222pt too wide) in paragraph at lines 21--22
\JY2/mc/m/n/10 示
 []


Overfull \hbox (9.6222pt too wide) in paragraph at lines 21--22
\JY2/mc/m/n/10 し
 []


Overfull \hbox (13.93329pt too wide) in paragraph at lines 21--22
\JY2/mc/m/n/10 た ．
 []


Overfull \hbox (9.6222pt too wide) in paragraph at lines 21--22
\JY2/mc/m/n/10 ま
 []


Overfull \hbox (13.93329pt too wide) in paragraph at lines 21--22
\JY2/mc/m/n/10 た ，
 []


Overfull \hbox (9.6222pt too wide) in paragraph at lines 21--22
\JY2/mc/m/n/10 災
 []


Overfull \hbox (9.6222pt too wide) in paragraph at lines 21--22
\JY2/mc/m/n/10 害
 []


Overfull \hbox (9.6222pt too wide) in paragraph at lines 21--22
\JY2/mc/m/n/10 直
 []


Overfull \hbox (9.6222pt too wide) in paragraph at lines 21--22
\JY2/mc/m/n/10 後
 []


Overfull \hbox (9.6222pt too wide) in paragraph at lines 21--22
\JY2/mc/m/n/10 の
 []


Overfull \hbox (9.6222pt too wide) in paragraph at lines 21--22
\JY2/mc/m/n/10 推
 []


Overfull \hbox (9.6222pt too wide) in paragraph at lines 21--22
\JY2/mc/m/n/10 定
 []


Overfull \hbox (9.6222pt too wide) in paragraph at lines 21--22
\JY2/mc/m/n/10 パ
 []


Overfull \hbox (9.6222pt too wide) in paragraph at lines 21--22
\JY2/mc/m/n/10 ラ
 []


Overfull \hbox (18.74438pt too wide) in paragraph at lines 21--22
\JY2/mc/m/n/10 メ ー
 []


Overfull \hbox (9.6222pt too wide) in paragraph at lines 21--22
\JY2/mc/m/n/10 タ
 []


Overfull \hbox (13.93329pt too wide) in paragraph at lines 21--22
\JY2/mc/m/n/10 と ，
 []


Overfull \hbox (5.00002pt too wide) in paragraph at lines 21--22
\OT1/cmr/m/n/10 1
 []


Overfull \hbox (9.6222pt too wide) in paragraph at lines 21--22
\JY2/mc/m/n/10 週
 []


Overfull \hbox (9.6222pt too wide) in paragraph at lines 21--22
\JY2/mc/m/n/10 間
 []


Overfull \hbox (9.6222pt too wide) in paragraph at lines 21--22
\JY2/mc/m/n/10 後
 []


Overfull \hbox (9.6222pt too wide) in paragraph at lines 21--22
\JY2/mc/m/n/10 の
 []


Overfull \hbox (9.6222pt too wide) in paragraph at lines 21--22
\JY2/mc/m/n/10 復
 []


Overfull \hbox (9.6222pt too wide) in paragraph at lines 21--22
\JY2/mc/m/n/10 旧
 []


Overfull \hbox (9.6222pt too wide) in paragraph at lines 21--22
\JY2/mc/m/n/10 期
 []


Overfull \hbox (9.6222pt too wide) in paragraph at lines 21--22
\JY2/mc/m/n/10 に
 []


Overfull \hbox (9.6222pt too wide) in paragraph at lines 21--22
\JY2/mc/m/n/10 提
 []


Overfull \hbox (9.6222pt too wide) in paragraph at lines 21--22
\JY2/mc/m/n/10 案
 []


Overfull \hbox (9.6222pt too wide) in paragraph at lines 21--22
\JY2/mc/m/n/10 ア
 []


Overfull \hbox (9.6222pt too wide) in paragraph at lines 21--22
\JY2/mc/m/n/10 ル
 []


Overfull \hbox (9.6222pt too wide) in paragraph at lines 21--22
\JY2/mc/m/n/10 ゴ
 []


Overfull \hbox (9.6222pt too wide) in paragraph at lines 21--22
\JY2/mc/m/n/10 リ
 []


Overfull \hbox (9.6222pt too wide) in paragraph at lines 21--22
\JY2/mc/m/n/10 ズ
 []


Overfull \hbox (9.6222pt too wide) in paragraph at lines 21--22
\JY2/mc/m/n/10 ム
 []


Overfull \hbox (9.6222pt too wide) in paragraph at lines 21--22
\JY2/mc/m/n/10 を
 []


Overfull \hbox (9.6222pt too wide) in paragraph at lines 21--22
\JY2/mc/m/n/10 用
 []


Overfull \hbox (9.6222pt too wide) in paragraph at lines 21--22
\JY2/mc/m/n/10 い
 []


Overfull \hbox (9.6222pt too wide) in paragraph at lines 21--22
\JY2/mc/m/n/10 て
 []


Overfull \hbox (9.6222pt too wide) in paragraph at lines 21--22
\JY2/mc/m/n/10 推
 []


Overfull \hbox (9.6222pt too wide) in paragraph at lines 21--22
\JY2/mc/m/n/10 定
 []


Overfull \hbox (9.6222pt too wide) in paragraph at lines 21--22
\JY2/mc/m/n/10 し
 []


Overfull \hbox (9.6222pt too wide) in paragraph at lines 21--22
\JY2/mc/m/n/10 た
 []


Overfull \hbox (9.6222pt too wide) in paragraph at lines 21--22
\JY2/mc/m/n/10 パ
 []


Overfull \hbox (9.6222pt too wide) in paragraph at lines 21--22
\JY2/mc/m/n/10 ラ
 []


Overfull \hbox (18.74438pt too wide) in paragraph at lines 21--22
\JY2/mc/m/n/10 メ ー
 []


Overfull \hbox (9.6222pt too wide) in paragraph at lines 21--22
\JY2/mc/m/n/10 タ
 []


Overfull \hbox (9.6222pt too wide) in paragraph at lines 21--22
\JY2/mc/m/n/10 を
 []


Overfull \hbox (9.6222pt too wide) in paragraph at lines 21--22
\JY2/mc/m/n/10 比
 []


Overfull \hbox (9.6222pt too wide) in paragraph at lines 21--22
\JY2/mc/m/n/10 較
 []


Overfull \hbox (9.6222pt too wide) in paragraph at lines 21--22
\JY2/mc/m/n/10 す
 []


Overfull \hbox (9.6222pt too wide) in paragraph at lines 21--22
\JY2/mc/m/n/10 る
 []


Overfull \hbox (9.6222pt too wide) in paragraph at lines 21--22
\JY2/mc/m/n/10 こ
 []


Overfull \hbox (9.6222pt too wide) in paragraph at lines 21--22
\JY2/mc/m/n/10 と
 []


Overfull \hbox (13.93329pt too wide) in paragraph at lines 21--22
\JY2/mc/m/n/10 で ，
 []


Overfull \hbox (9.6222pt too wide) in paragraph at lines 21--22
\JY2/mc/m/n/10 行
 []


Overfull \hbox (9.6222pt too wide) in paragraph at lines 21--22
\JY2/mc/m/n/10 動
 []


Overfull \hbox (9.6222pt too wide) in paragraph at lines 21--22
\JY2/mc/m/n/10 パ
 []


Overfull \hbox (9.6222pt too wide) in paragraph at lines 21--22
\JY2/mc/m/n/10 ラ
 []


Overfull \hbox (18.74438pt too wide) in paragraph at lines 21--22
\JY2/mc/m/n/10 メ ー
 []


Overfull \hbox (9.6222pt too wide) in paragraph at lines 21--22
\JY2/mc/m/n/10 タ
 []


Overfull \hbox (9.6222pt too wide) in paragraph at lines 21--22
\JY2/mc/m/n/10 が
 []


Overfull \hbox (9.6222pt too wide) in paragraph at lines 21--22
\JY2/mc/m/n/10 大
 []


Overfull \hbox (9.6222pt too wide) in paragraph at lines 21--22
\JY2/mc/m/n/10 き
 []


Overfull \hbox (9.6222pt too wide) in paragraph at lines 21--22
\JY2/mc/m/n/10 く
 []


Overfull \hbox (9.6222pt too wide) in paragraph at lines 21--22
\JY2/mc/m/n/10 変
 []


Overfull \hbox (9.6222pt too wide) in paragraph at lines 21--22
\JY2/mc/m/n/10 化
 []


Overfull \hbox (9.6222pt too wide) in paragraph at lines 21--22
\JY2/mc/m/n/10 し
 []


Overfull \hbox (9.6222pt too wide) in paragraph at lines 21--22
\JY2/mc/m/n/10 て
 []


Overfull \hbox (9.6222pt too wide) in paragraph at lines 21--22
\JY2/mc/m/n/10 お
 []


Overfull \hbox (13.93329pt too wide) in paragraph at lines 21--22
\JY2/mc/m/n/10 り ，
 []


Overfull \hbox (9.6222pt too wide) in paragraph at lines 21--22
\JY2/mc/m/n/10 新
 []


Overfull \hbox (9.6222pt too wide) in paragraph at lines 21--22
\JY2/mc/m/n/10 し
 []


Overfull \hbox (9.6222pt too wide) in paragraph at lines 21--22
\JY2/mc/m/n/10 い
 []


Overfull \hbox (9.6222pt too wide) in paragraph at lines 21--22
\JY2/mc/m/n/10 パ
 []


Overfull \hbox (9.6222pt too wide) in paragraph at lines 21--22
\JY2/mc/m/n/10 ラ
 []


Overfull \hbox (18.74438pt too wide) in paragraph at lines 21--22
\JY2/mc/m/n/10 メ ー
 []


Overfull \hbox (9.6222pt too wide) in paragraph at lines 21--22
\JY2/mc/m/n/10 タ
 []


Overfull \hbox (9.6222pt too wide) in paragraph at lines 21--22
\JY2/mc/m/n/10 を
 []


Overfull \hbox (9.6222pt too wide) in paragraph at lines 21--22
\JY2/mc/m/n/10 推
 []


Overfull \hbox (9.6222pt too wide) in paragraph at lines 21--22
\JY2/mc/m/n/10 定
 []


Overfull \hbox (9.6222pt too wide) in paragraph at lines 21--22
\JY2/mc/m/n/10 し
 []


Overfull \hbox (9.6222pt too wide) in paragraph at lines 21--22
\JY2/mc/m/n/10 な
 []


Overfull \hbox (9.6222pt too wide) in paragraph at lines 21--22
\JY2/mc/m/n/10 け
 []


Overfull \hbox (9.6222pt too wide) in paragraph at lines 21--22
\JY2/mc/m/n/10 れ
 []


Overfull \hbox (9.6222pt too wide) in paragraph at lines 21--22
\JY2/mc/m/n/10 ば
 []


Overfull \hbox (9.6222pt too wide) in paragraph at lines 21--22
\JY2/mc/m/n/10 シ
 []


Overfull \hbox (9.6222pt too wide) in paragraph at lines 21--22
\JY2/mc/m/n/10 ミ
 []


Overfull \hbox (9.6222pt too wide) in paragraph at lines 21--22
\JY2/mc/m/n/10 ュ
 []


Overfull \hbox (18.74438pt too wide) in paragraph at lines 21--22
\JY2/mc/m/n/10 レ ー
 []


Overfull \hbox (9.6222pt too wide) in paragraph at lines 21--22
\JY2/mc/m/n/10 タ
 []


Overfull \hbox (9.6222pt too wide) in paragraph at lines 21--22
\JY2/mc/m/n/10 の
 []


Overfull \hbox (9.6222pt too wide) in paragraph at lines 21--22
\JY2/mc/m/n/10 予
 []


Overfull \hbox (9.6222pt too wide) in paragraph at lines 21--22
\JY2/mc/m/n/10 測
 []


Overfull \hbox (9.6222pt too wide) in paragraph at lines 21--22
\JY2/mc/m/n/10 精
 []


Overfull \hbox (9.6222pt too wide) in paragraph at lines 21--22
\JY2/mc/m/n/10 度
 []


Overfull \hbox (9.6222pt too wide) in paragraph at lines 21--22
\JY2/mc/m/n/10 が
 []


Overfull \hbox (9.6222pt too wide) in paragraph at lines 21--22
\JY2/mc/m/n/10 大
 []


Overfull \hbox (9.6222pt too wide) in paragraph at lines 21--22
\JY2/mc/m/n/10 き
 []


Overfull \hbox (9.6222pt too wide) in paragraph at lines 21--22
\JY2/mc/m/n/10 く
 []


Overfull \hbox (9.6222pt too wide) in paragraph at lines 21--22
\JY2/mc/m/n/10 損
 []


Overfull \hbox (9.6222pt too wide) in paragraph at lines 21--22
\JY2/mc/m/n/10 な
 []


Overfull \hbox (9.6222pt too wide) in paragraph at lines 21--22
\JY2/mc/m/n/10 わ
 []


Overfull \hbox (9.6222pt too wide) in paragraph at lines 21--22
\JY2/mc/m/n/10 れ
 []


Overfull \hbox (9.6222pt too wide) in paragraph at lines 21--22
\JY2/mc/m/n/10 る
 []


Overfull \hbox (9.6222pt too wide) in paragraph at lines 21--22
\JY2/mc/m/n/10 こ
 []


Overfull \hbox (9.6222pt too wide) in paragraph at lines 21--22
\JY2/mc/m/n/10 と
 []


Overfull \hbox (9.6222pt too wide) in paragraph at lines 21--22
\JY2/mc/m/n/10 を
 []


Overfull \hbox (9.6222pt too wide) in paragraph at lines 21--22
\JY2/mc/m/n/10 確
 []


Overfull \hbox (9.6222pt too wide) in paragraph at lines 21--22
\JY2/mc/m/n/10 認
 []


Overfull \hbox (9.6222pt too wide) in paragraph at lines 21--22
\JY2/mc/m/n/10 し
 []


Overfull \hbox (13.93329pt too wide) in paragraph at lines 21--22
\JY2/mc/m/n/10 た ．
 []


Overfull \hbox (9.6222pt too wide) in paragraph at lines 21--22
\JY2/mc/m/n/10 災
 []


Overfull \hbox (9.6222pt too wide) in paragraph at lines 21--22
\JY2/mc/m/n/10 害
 []


Overfull \hbox (9.6222pt too wide) in paragraph at lines 21--22
\JY2/mc/m/n/10 復
 []


Overfull \hbox (9.6222pt too wide) in paragraph at lines 21--22
\JY2/mc/m/n/10 旧
 []


Overfull \hbox (9.6222pt too wide) in paragraph at lines 21--22
\JY2/mc/m/n/10 期
 []


Overfull \hbox (9.6222pt too wide) in paragraph at lines 21--22
\JY2/mc/m/n/10 の
 []


Overfull \hbox (9.6222pt too wide) in paragraph at lines 21--22
\JY2/mc/m/n/10 施
 []


Overfull \hbox (9.6222pt too wide) in paragraph at lines 21--22
\JY2/mc/m/n/10 策
 []


Overfull \hbox (9.6222pt too wide) in paragraph at lines 21--22
\JY2/mc/m/n/10 検
 []


Overfull \hbox (9.6222pt too wide) in paragraph at lines 21--22
\JY2/mc/m/n/10 討
 []


Overfull \hbox (9.6222pt too wide) in paragraph at lines 21--22
\JY2/mc/m/n/10 に
 []


Overfull \hbox (9.6222pt too wide) in paragraph at lines 21--22
\JY2/mc/m/n/10 お
 []


Overfull \hbox (9.6222pt too wide) in paragraph at lines 21--22
\JY2/mc/m/n/10 い
 []


Overfull \hbox (13.93329pt too wide) in paragraph at lines 21--22
\JY2/mc/m/n/10 て ，
 []


Overfull \hbox (9.6222pt too wide) in paragraph at lines 21--22
\JY2/mc/m/n/10 施
 []


Overfull \hbox (9.6222pt too wide) in paragraph at lines 21--22
\JY2/mc/m/n/10 策
 []


Overfull \hbox (9.6222pt too wide) in paragraph at lines 21--22
\JY2/mc/m/n/10 効
 []


Overfull \hbox (9.6222pt too wide) in paragraph at lines 21--22
\JY2/mc/m/n/10 果
 []


Overfull \hbox (9.6222pt too wide) in paragraph at lines 21--22
\JY2/mc/m/n/10 の
 []


Overfull \hbox (9.6222pt too wide) in paragraph at lines 21--22
\JY2/mc/m/n/10 計
 []


Overfull \hbox (9.6222pt too wide) in paragraph at lines 21--22
\JY2/mc/m/n/10 算
 []


Overfull \hbox (9.6222pt too wide) in paragraph at lines 21--22
\JY2/mc/m/n/10 を
 []


Overfull \hbox (9.6222pt too wide) in paragraph at lines 21--22
\JY2/mc/m/n/10 よ
 []


Overfull \hbox (9.6222pt too wide) in paragraph at lines 21--22
\JY2/mc/m/n/10 り
 []


Overfull \hbox (9.6222pt too wide) in paragraph at lines 21--22
\JY2/mc/m/n/10 正
 []


Overfull \hbox (9.6222pt too wide) in paragraph at lines 21--22
\JY2/mc/m/n/10 確
 []


Overfull \hbox (9.6222pt too wide) in paragraph at lines 21--22
\JY2/mc/m/n/10 に
 []


Overfull \hbox (9.6222pt too wide) in paragraph at lines 21--22
\JY2/mc/m/n/10 す
 []


Overfull \hbox (9.6222pt too wide) in paragraph at lines 21--22
\JY2/mc/m/n/10 る
 []


Overfull \hbox (9.6222pt too wide) in paragraph at lines 21--22
\JY2/mc/m/n/10 こ
 []


Overfull \hbox (9.6222pt too wide) in paragraph at lines 21--22
\JY2/mc/m/n/10 と
 []


Overfull \hbox (9.6222pt too wide) in paragraph at lines 21--22
\JY2/mc/m/n/10 に
 []


Overfull \hbox (9.6222pt too wide) in paragraph at lines 21--22
\JY2/mc/m/n/10 貢
 []


Overfull \hbox (9.6222pt too wide) in paragraph at lines 21--22
\JY2/mc/m/n/10 献
 []


Overfull \hbox (9.6222pt too wide) in paragraph at lines 21--22
\JY2/mc/m/n/10 し
 []


Overfull \hbox (9.6222pt too wide) in paragraph at lines 21--22
\JY2/mc/m/n/10 た
 []


Overfull \hbox (9.6222pt too wide) in paragraph at lines 21--22
\JY2/mc/m/n/10 と
 []


Overfull \hbox (9.6222pt too wide) in paragraph at lines 21--22
\JY2/mc/m/n/10 い
 []


Overfull \hbox (9.6222pt too wide) in paragraph at lines 21--22
\JY2/mc/m/n/10 え
 []


Overfull \hbox (13.93329pt too wide) in paragraph at lines 21--22
\JY2/mc/m/n/10 る ． 
 []


! LaTeX Error: The font size command \normalsize is not defined:
               there is probably something wrong with the class file.

See the LaTeX manual or LaTeX Companion for explanation.
Type  H <return>  for immediate help.
 ...                                              
                                                  
l.22 
     
Your command was ignored.
Type  I <command> <return>  to replace it with another command,
or  <return>  to continue without it.

[2]
! Undefined control sequence.
l.23 \section
             {今後の展望}\label{6.2}
The control sequence at the end of the top line
of your error message was never \def'ed. If you have
misspelled it (e.g., `\hobx'), type `I' and the correct
spelling (e.g., `I\hbox'). Otherwise just continue,
and I'll forget about whatever was undefined.


! LaTeX Error: Missing \begin{document}.

See the LaTeX manual or LaTeX Companion for explanation.
Type  H <return>  for immediate help.
 ...                                              
                                                  
l.23 \section{今
                 後の展望}\label{6.2}
You're in trouble here.  Try typing  <return>  to proceed.
If that doesn't work, type  X <return>  to quit.

)
! Emergency stop.
<*> 6.tex
         
*** (job aborted, no legal \end found)

 
Here is how much of TeX's memory you used:
 26 strings out of 479460
 388 string characters out of 5870464
 330932 words of memory out of 5000000
 17821 multiletter control sequences out of 15000+600000
 406379 words of font info for 46 fonts, out of 8000000 for 9000
 929 hyphenation exceptions out of 8191
 22i,4n,25p,1035b,119s stack positions out of 5000i,500n,10000p,200000b,80000s
Output written on 6.dvi (2 pages, 6372 bytes).
